This is pdfTeX, Version 3.141592653-2.6-1.40.24 (TeX Live 2022) (preloaded format=pdflatex 2022.11.26)  17 DEC 2025 16:45
entering extended mode
 restricted \write18 enabled.
 file:line:error style messages enabled.
 %&-line parsing enabled.
**/Users/matjaz/repos/TCS1-course-notes/TCS1.tex
(/Users/matjaz/repos/TCS1-course-notes/TCS1.tex
LaTeX2e <2021-11-15> patch level 1
L3 programming layer <2022-02-24> (/usr/local/texlive/2022/texmf-dist/tex/latex/silence/silence.sty
Package: silence 2012/07/02 v1.5b Selective filtering of warnings and error messages
\sl@Save=\count185
\sl@StateNumber=\count186
\sl@MessageCount=\count187
\sl@Casualties=\count188
\sl@Filter=\toks16
\sl@Message=\toks17
\sl@UnexpandedMessage=\toks18
\sl@Mess@ge=\toks19
\sl@WarningCount=\count189
\sl@WarningNumber=\count190
\sl@WarningCasualties=\count191
\sl@TempBOW=\toks20
\sl@BankOfWarnings=\toks21
LaTeX Info: Redefining \GenericWarning on input line 433.
\sl@ErrorCount=\count192
\sl@ErrorNumber=\count193
\sl@ErrorCasualties=\count194
\sl@TempBOE=\toks22
\sl@BankOfErrors=\toks23
LaTeX Info: Redefining \GenericError on input line 601.
) (/usr/local/texlive/2022/texmf-dist/tex/latex/koma-script/scrbook.cls
Document Class: scrbook 2021/11/13 v3.35 KOMA-Script document class (book)
(/usr/local/texlive/2022/texmf-dist/tex/latex/koma-script/scrkbase.sty
Package: scrkbase 2021/11/13 v3.35 KOMA-Script package (KOMA-Script-dependent basics and keyval usage)
 (/usr/local/texlive/2022/texmf-dist/tex/latex/koma-script/scrbase.sty
Package: scrbase 2021/11/13 v3.35 KOMA-Script package (KOMA-Script-independent basics and keyval usage)
 (/usr/local/texlive/2022/texmf-dist/tex/latex/koma-script/scrlfile.sty
Package: scrlfile 2021/11/13 v3.35 KOMA-Script package (file load hooks)
 (/usr/local/texlive/2022/texmf-dist/tex/latex/koma-script/scrlfile-hook.sty
Package: scrlfile-hook 2021/11/13 v3.35 KOMA-Script package (using LaTeX hooks)
 (/usr/local/texlive/2022/texmf-dist/tex/latex/koma-script/scrlogo.sty
Package: scrlogo 2021/11/13 v3.35 KOMA-Script package (logo)
))) (/usr/local/texlive/2022/texmf-dist/tex/latex/graphics/keyval.sty
Package: keyval 2014/10/28 v1.15 key=value parser (DPC)
\KV@toks@=\toks24
)
Applying: [2021/05/01] Usage of raw or classic option list on input line 252.
Already applied: [0000/00/00] Usage of raw or classic option list on input line 368.
)) (/usr/local/texlive/2022/texmf-dist/tex/latex/koma-script/tocbasic.sty
Package: tocbasic 2021/11/13 v3.35 KOMA-Script package (handling toc-files)
\scr@dte@tocline@numberwidth=\skip47
\scr@dte@tocline@numbox=\box50
)
Package tocbasic Info: babel extension for `toc' omitted
(tocbasic)             because of missing \bbl@set@language on input line 137.
Package scrbook Info: You've used standard option `11pt'.
(scrbook)             This is correct!
(scrbook)             Internally I'm using `fontsize=11pt'.
(scrbook)             If you'd like to set the option with \KOMAoptions,
(scrbook)             you'd have to use `fontsize=11pt' there
(scrbook)             instead of `11pt', too.
Class scrbook Info: File `scrsize11pt.clo' used to setup font sizes on input line 2490.
 (/usr/local/texlive/2022/texmf-dist/tex/latex/koma-script/scrsize11pt.clo
File: scrsize11pt.clo 2021/11/13 v3.35 KOMA-Script font size class option (11pt)
) (/usr/local/texlive/2022/texmf-dist/tex/latex/koma-script/typearea.sty
Package: typearea 2021/11/13 v3.35 KOMA-Script package (type area)
\ta@bcor=\skip48
\ta@div=\count195
\ta@hblk=\skip49
\ta@vblk=\skip50
\ta@temp=\skip51
\footheight=\skip52
Package typearea Info: With paper sizes other than (almost) `A4' predefined
(typearea)             DIV values do not exist. Using DIV calculation for good
(typearea)             line width (unless using `version=3.24` or prior).

DIV calculation for typearea with good linewidth.
Package typearea Info: These are the values describing the layout:
(typearea)             DIV  = 12
(typearea)             BCOR = 0.0pt
(typearea)             \paperwidth      = 500.76855pt
(typearea)              \textwidth      = 375.57642pt
(typearea)              DIV departure   = 0%
(typearea)              \evensidemargin = 11.19144pt
(typearea)              \oddsidemargin  = -30.53928pt
(typearea)             \paperheight     = 711.31897pt
(typearea)              \textheight     = 459.8002pt
(typearea)              \topmargin      = -12.99341pt
(typearea)              \headheight     = 17.0pt
(typearea)              \headsep        = 20.40001pt
(typearea)              \topskip        = 11.0pt
(typearea)              \footskip       = 47.6pt
(typearea)              \baselineskip   = 13.6pt
(typearea)              on input line 1743.
)
\c@part=\count196
\c@chapter=\count197
\c@section=\count198
\c@subsection=\count199
\c@subsubsection=\count266
\c@paragraph=\count267
\c@subparagraph=\count268
\scr@dte@chapter@maxnumwidth=\skip53
Class scrbook Info: using compatibility default `afterindent=bysign'
(scrbook)           for `\chapter on input line 5715.
\scr@dte@section@maxnumwidth=\skip54
Class scrbook Info: using compatibility default `runin=bysign'
(scrbook)           for `\section on input line 5726.
Class scrbook Info: using compatibility default `afterindent=bysign'
(scrbook)           for `\section on input line 5726.
\scr@dte@part@maxnumwidth=\skip55
Class scrbook Info: using compatibility default `afterindent=true'
(scrbook)           for `\part on input line 5735.
\scr@dte@subsection@maxnumwidth=\skip56
Class scrbook Info: using compatibility default `runin=bysign'
(scrbook)           for `\subsection on input line 5745.
Class scrbook Info: using compatibility default `afterindent=bysign'
(scrbook)           for `\subsection on input line 5745.
\scr@dte@subsubsection@maxnumwidth=\skip57
Class scrbook Info: using compatibility default `runin=bysign'
(scrbook)           for `\subsubsection on input line 5755.
Class scrbook Info: using compatibility default `afterindent=bysign'
(scrbook)           for `\subsubsection on input line 5755.
\scr@dte@paragraph@maxnumwidth=\skip58
Class scrbook Info: using compatibility default `runin=bysign'
(scrbook)           for `\paragraph on input line 5766.
Class scrbook Info: using compatibility default `afterindent=bysign'
(scrbook)           for `\paragraph on input line 5766.
\scr@dte@subparagraph@maxnumwidth=\skip59
Class scrbook Info: using compatibility default `runin=bysign'
(scrbook)           for `\subparagraph on input line 5776.
Class scrbook Info: using compatibility default `afterindent=bysign'
(scrbook)           for `\subparagraph on input line 5776.
\abovecaptionskip=\skip60
\belowcaptionskip=\skip61
\c@pti@nb@sid@b@x=\box51
Package tocbasic Info: babel extension for `lof' omitted
(tocbasic)             because of missing \bbl@set@language on input line 6962.
\scr@dte@figure@maxnumwidth=\skip62
\c@figure=\count269
Package tocbasic Info: babel extension for `lot' omitted
(tocbasic)             because of missing \bbl@set@language on input line 6978.
\scr@dte@table@maxnumwidth=\skip63
\c@table=\count270
Class scrbook Info: Redefining `\numberline' on input line 7146.
\bibindent=\dimen138
) (/usr/local/texlive/2022/texmf-dist/tex/latex/base/fontenc.sty
Package: fontenc 2021/04/29 v2.0v Standard LaTeX package
) (./classicthesis.sty
Package: classicthesis 2018/06/03 v4.6 Typographic style for a classic-looking thesis
 (/usr/local/texlive/2022/texmf-dist/tex/latex/base/ifthen.sty
Package: ifthen 2020/11/24 v1.1c Standard LaTeX ifthen package (DPC)
) (/usr/local/texlive/2022/texmf-dist/tex/latex/kvoptions/kvoptions.sty
Package: kvoptions 2020-10-07 v3.14 Key value format for package options (HO)
 (/usr/local/texlive/2022/texmf-dist/tex/generic/ltxcmds/ltxcmds.sty
Package: ltxcmds 2020-05-10 v1.25 LaTeX kernel commands for general use (HO)
) (/usr/local/texlive/2022/texmf-dist/tex/generic/kvsetkeys/kvsetkeys.sty
Package: kvsetkeys 2019/12/15 v1.18 Key value parser (HO)
)) (/usr/local/texlive/2022/texmf-dist/tex/generic/iftex/ifpdf.sty
Package: ifpdf 2019/10/25 v3.4 ifpdf legacy package. Use iftex instead.
 (/usr/local/texlive/2022/texmf-dist/tex/generic/iftex/iftex.sty
Package: iftex 2022/02/03 v1.0f TeX engine tests
)) (/usr/local/texlive/2022/texmf-dist/tex/generic/iftex/ifxetex.sty
Package: ifxetex 2019/10/25 v0.7 ifxetex legacy package. Use iftex instead.
) (/usr/local/texlive/2022/texmf-dist/tex/generic/iftex/ifluatex.sty
Package: ifluatex 2019/10/25 v1.5 ifluatex legacy package. Use iftex instead.
) (/usr/local/texlive/2022/texmf-dist/tex/latex/xcolor/xcolor.sty
Package: xcolor 2021/10/31 v2.13 LaTeX color extensions (UK)
 (/usr/local/texlive/2022/texmf-dist/tex/latex/graphics-cfg/color.cfg
File: color.cfg 2016/01/02 v1.6 sample color configuration
)
Package xcolor Info: Driver file: pdftex.def on input line 227.
 (/usr/local/texlive/2022/texmf-dist/tex/latex/graphics-def/pdftex.def
File: pdftex.def 2020/10/05 v1.2a Graphics/color driver for pdftex
)
Package xcolor Info: Model `cmy' substituted by `cmy0' on input line 1352.
Package xcolor Info: Model `hsb' substituted by `rgb' on input line 1356.
Package xcolor Info: Model `RGB' extended on input line 1368.
Package xcolor Info: Model `HTML' substituted by `rgb' on input line 1370.
Package xcolor Info: Model `Hsb' substituted by `hsb' on input line 1371.
Package xcolor Info: Model `tHsb' substituted by `hsb' on input line 1372.
Package xcolor Info: Model `HSB' substituted by `hsb' on input line 1373.
Package xcolor Info: Model `Gray' substituted by `gray' on input line 1374.
Package xcolor Info: Model `wave' substituted by `hsb' on input line 1375.
 (/usr/local/texlive/2022/texmf-dist/tex/latex/graphics/dvipsnam.def
File: dvipsnam.def 2016/06/17 v3.0m Driver-dependent file (DPC,SPQR)
)) (/usr/local/texlive/2022/texmf-dist/tex/latex/psnfss/mathpazo.sty
Package: mathpazo 2020/03/25 PSNFSS-v9.3 Palatino w/ Pazo Math (D.Puga, WaS) 
\symupright=\mathgroup4
) (/usr/local/texlive/2022/texmf-dist/tex/latex/bera/beramono.sty
Package: beramono 2004/01/31 (WaS)
)
LaTeX Font Info:    Trying to load font information for U+eur on input line 202.
 (/usr/local/texlive/2022/texmf-dist/tex/latex/amsfonts/ueur.fd
File: ueur.fd 2013/01/14 v3.01 Euler Roman
) (/usr/local/texlive/2022/texmf-dist/tex/latex/microtype/microtype.sty
Package: microtype 2022/03/14 v3.0d Micro-typographical refinements (RS)
 (/usr/local/texlive/2022/texmf-dist/tex/latex/etoolbox/etoolbox.sty
Package: etoolbox 2020/10/05 v2.5k e-TeX tools for LaTeX (JAW)
\etb@tempcnta=\count271
)
\MT@toks=\toks25
\MT@tempbox=\box52
\MT@count=\count272
LaTeX Info: Redefining \noprotrusionifhmode on input line 1027.
LaTeX Info: Redefining \leftprotrusion on input line 1028.
LaTeX Info: Redefining \rightprotrusion on input line 1036.
LaTeX Info: Redefining \textls on input line 1195.
\MT@outer@kern=\dimen139
LaTeX Info: Redefining \textmicrotypecontext on input line 1781.
\MT@listname@count=\count273
 (/usr/local/texlive/2022/texmf-dist/tex/latex/microtype/microtype-pdftex.def
File: microtype-pdftex.def 2022/03/14 v3.0d Definitions specific to pdftex (RS)
LaTeX Info: Redefining \lsstyle on input line 900.
LaTeX Info: Redefining \lslig on input line 900.
\MT@outer@space=\skip64
)
Package microtype Info: Loading configuration file microtype.cfg.
 (/usr/local/texlive/2022/texmf-dist/tex/latex/microtype/microtype.cfg
File: microtype.cfg 2022/03/14 v3.0d microtype main configuration file (RS)
))
Package classicthesis Info: B5 paper, Palatino or other on input line 236.
Package typearea Info: These are the values describing the layout:
(typearea)             DIV  = areaset
(typearea)             BCOR = 0.0pt
(typearea)             \paperwidth      = 500.76855pt
(typearea)              \textwidth      = 311.0pt
(typearea)              \evensidemargin = 54.24237pt
(typearea)              \oddsidemargin  = -9.01381pt
(typearea)             \paperheight     = 711.31897pt
(typearea)              \textheight     = 561.04997pt
(typearea)              \topmargin      = -50.16367pt
(typearea)              \headheight     = 15.95pt
(typearea)              \headsep        = 20.40001pt
(typearea)              \topskip        = 11.0pt
(typearea)              \footskip       = 47.60002pt
(typearea)              \baselineskip   = 13.6pt
(typearea)              on input line 236.
 (/usr/local/texlive/2022/texmf-dist/tex/latex/mparhack/mparhack.sty
Package: mparhack 2021-05-02 v1.5 (T. Sgouros and S. Ulrich)
) (/usr/local/texlive/2022/texmf-dist/tex/latex/booktabs/booktabs.sty
Package: booktabs 2020/01/12 v1.61803398 Publication quality tables
\heavyrulewidth=\dimen140
\lightrulewidth=\dimen141
\cmidrulewidth=\dimen142
\belowrulesep=\dimen143
\belowbottomsep=\dimen144
\aboverulesep=\dimen145
\abovetopsep=\dimen146
\cmidrulesep=\dimen147
\cmidrulekern=\dimen148
\defaultaddspace=\dimen149
\@cmidla=\count274
\@cmidlb=\count275
\@aboverulesep=\dimen150
\@belowrulesep=\dimen151
\@thisruleclass=\count276
\@lastruleclass=\count277
\@thisrulewidth=\dimen152
) (/usr/local/texlive/2022/texmf-dist/tex/latex/textcase/textcase.sty
Package: textcase 2019/09/14 v1.00 Text only upper/lower case changing (DPC)
)
Package classicthesis Info: Using microtype for character spacing.Make sure your pdflatex is version 1.40 or higher. on input line 321.
 (/usr/local/texlive/2022/texmf-dist/tex/latex/koma-script/scrlayer-scrpage.sty
Package: scrlayer-scrpage 2021/11/13 v3.35 KOMA-Script package (end user interface for scrlayer)
 (/usr/local/texlive/2022/texmf-dist/tex/latex/koma-script/scrlayer.sty
Package: scrlayer 2021/11/13 v3.35 KOMA-Script package (defining layers and page styles)
Package scrlayer Info: Using already defined \footheight
(scrlayer)             hoping, that this is a length and
(scrlayer)             not only a macro on input line 136.
Package scrlayer Info: patching LaTeX kernel macro \pagestyle on input line 2162.
)
Package scrlayer-scrpage Info: Makeing stand-alone element `pagehead' from
(scrlayer-scrpage)             alias to `pageheadfoot' on input line 1085.
Package scrlayer-scrpage Info: deactivating warning for font element
(scrlayer-scrpage)             `pagefoot' on input line 1109.
)
Package scrlayer-scrpage Info: auto-selection of `pagestyleset=KOMA-Script'.

1: section
1: chapter
1: chapter
1: section
(/usr/local/texlive/2022/texmf-dist/tex/latex/titlesec/titlesec.sty
Package: titlesec 2021/07/05 v2.14 Sectioning titles
\ttl@box=\box53
\beforetitleunit=\skip65
\aftertitleunit=\skip66
\ttl@plus=\dimen153
\ttl@minus=\dimen154
\ttl@toksa=\toks26
\titlewidth=\dimen155
\titlewidthlast=\dimen156
\titlewidthfirst=\dimen157


Package titlesec Warning: Non standard sectioning command \section
(titlesec)                detected. Using default spacing and no format.


Package titlesec Warning: Non standard sectioning command \subsection
(titlesec)                detected. Using default spacing and no format.


Package titlesec Warning: Non standard sectioning command \subsubsection
(titlesec)                detected. Using default spacing and no format.


Package titlesec Warning: Non standard sectioning command \paragraph
(titlesec)                detected. Using default spacing and no format.


Package titlesec Warning: Non standard sectioning command \subparagraph
(titlesec)                detected. Using default spacing and no format.

)
Class scrbook Info: Unknown `titesec' release.
(scrbook)           Cross your fingers, that is compatible on input line 362.


Class scrbook Warning: Usage of package `tocloft' together
(scrbook)              with a KOMA-Script class is not recommended.
(scrbook)              I'd suggest to use options like `listof=entryprefix',
(scrbook)              commands like `\listoflofentryname' or
(scrbook)              `\listoflotentryname', and `\DeclareTOCStyleEntry' or
(scrbook)              `\RedeclareSectionCommand' instead of this package,
(scrbook)              because it breaks several KOMA-Script features of
(scrbook)              the list of figures, list of tables and table of
(scrbook)              contents, i.e., options like `listof=numbered',
(scrbook)              `listof=flat or `toc=flat', commands like
(scrbook)              `\BeforeTOCHead{...}' and `\AfterTOCHead{...}',
(scrbook)              `\BeforeStartingTOC{...}' and \AfterStartingTOC{...}',
(scrbook)              all features of `\DeclareTOCStyleEntry',
(scrbook)              and the ToC entry features of `\DeclareSecionCommand'
(scrbook)              and `\RedeclareSectionCommand' of levels
(scrbook)              `part', `section', `subsection',
(scrbook)              `subsubsection', `paragraph' and `subparagraph'.
(scrbook)              Nevertheless, using requested
(scrbook)              package `tocloft' on input line 416.

(/usr/local/texlive/2022/texmf-dist/tex/latex/tocloft/tocloft.sty
Package: tocloft 2017/08/31 v2.3i parameterised ToC, etc., typesetting
Package tocloft Info: The document has chapter divisions on input line 51.
\cftparskip=\skip67
\cftbeforetoctitleskip=\skip68
\cftaftertoctitleskip=\skip69
\cftbeforepartskip=\skip70
\cftpartnumwidth=\skip71
\cftpartindent=\skip72
\cftbeforechapskip=\skip73
\cftchapindent=\skip74
\cftchapnumwidth=\skip75
\cftbeforesecskip=\skip76
\cftsecindent=\skip77
\cftsecnumwidth=\skip78
\cftbeforesubsecskip=\skip79
\cftsubsecindent=\skip80
\cftsubsecnumwidth=\skip81
\cftbeforesubsubsecskip=\skip82
\cftsubsubsecindent=\skip83
\cftsubsubsecnumwidth=\skip84
\cftbeforeparaskip=\skip85
\cftparaindent=\skip86
\cftparanumwidth=\skip87
\cftbeforesubparaskip=\skip88
\cftsubparaindent=\skip89
\cftsubparanumwidth=\skip90
\cftbeforeloftitleskip=\skip91
\cftafterloftitleskip=\skip92
\cftbeforefigskip=\skip93
\cftfigindent=\skip94
\cftfignumwidth=\skip95
\c@lofdepth=\count278
\c@lotdepth=\count279
\cftbeforelottitleskip=\skip96
\cftafterlottitleskip=\skip97
\cftbeforetabskip=\skip98
\cfttabindent=\skip99
\cfttabnumwidth=\skip100
)
\newnumberwidth=\skip101
\beforebibskip=\skip102
\newchnumberwidth=\skip103
\figurelabelwidth=\skip104
\tablelabelwidth=\skip105
 Using KOMA-command "deffootnote" for footnote setup (/usr/local/texlive/2022/texmf-dist/tex/latex/koma-script/scrtime.sty
Package: scrtime 2021/11/13 v3.35 KOMA-Script package (time of LaTeX run)
) (/usr/local/texlive/2022/texmf-dist/tex/latex/caption/caption.sty
Package: caption 2022/03/01 v3.6b Customizing captions (AR)
 (/usr/local/texlive/2022/texmf-dist/tex/latex/caption/caption3.sty
Package: caption3 2022/03/17 v2.3b caption3 kernel (AR)
\caption@tempdima=\dimen158
\captionmargin=\dimen159
\caption@leftmargin=\dimen160
\caption@rightmargin=\dimen161
\caption@width=\dimen162
\caption@indent=\dimen163
\caption@parindent=\dimen164
\caption@hangindent=\dimen165
Package caption Info: KOMA-Script document class detected.
 (/usr/local/texlive/2022/texmf-dist/tex/latex/caption/caption-koma.sto
File: caption-koma.sto 2020/09/21 v2.0b Adaption of the caption package to the KOMA-Script document classes (AR)
))
\c@caption@flags=\count280
\c@continuedfloat=\count281
) (/usr/local/texlive/2022/texmf-dist/tex/latex/carlisle/remreset.sty

Package remreset Warning: The remreset package is obsolete:
(remreset)                \@removefromreset is defined.

) (/usr/local/texlive/2022/texmf-dist/tex/latex/classicthesis/classicthesis-arsclassica.sty
Package: classicthesis-arsclassica 2018/05/20


Package scrlayer-scrpage Warning: replacing deprecated \clearscrplain by
(scrlayer-scrpage)                \clearplainofpairofpagestyles on input line 48.

) (/usr/local/texlive/2022/texmf-dist/tex/latex/hyperref/hyperref.sty
Package: hyperref 2022-02-21 v7.00n Hypertext links for LaTeX
 (/usr/local/texlive/2022/texmf-dist/tex/generic/pdftexcmds/pdftexcmds.sty
Package: pdftexcmds 2020-06-27 v0.33 Utility functions of pdfTeX for LuaTeX (HO)
 (/usr/local/texlive/2022/texmf-dist/tex/generic/infwarerr/infwarerr.sty
Package: infwarerr 2019/12/03 v1.5 Providing info/warning/error messages (HO)
)
Package pdftexcmds Info: \pdf@primitive is available.
Package pdftexcmds Info: \pdf@ifprimitive is available.
Package pdftexcmds Info: \pdfdraftmode found.
) (/usr/local/texlive/2022/texmf-dist/tex/generic/kvdefinekeys/kvdefinekeys.sty
Package: kvdefinekeys 2019-12-19 v1.6 Define keys (HO)
) (/usr/local/texlive/2022/texmf-dist/tex/generic/pdfescape/pdfescape.sty
Package: pdfescape 2019/12/09 v1.15 Implements pdfTeX's escape features (HO)
) (/usr/local/texlive/2022/texmf-dist/tex/latex/hycolor/hycolor.sty
Package: hycolor 2020-01-27 v1.10 Color options for hyperref/bookmark (HO)
) (/usr/local/texlive/2022/texmf-dist/tex/latex/letltxmacro/letltxmacro.sty
Package: letltxmacro 2019/12/03 v1.6 Let assignment for LaTeX macros (HO)
) (/usr/local/texlive/2022/texmf-dist/tex/latex/auxhook/auxhook.sty
Package: auxhook 2019-12-17 v1.6 Hooks for auxiliary files (HO)
)
\@linkdim=\dimen166
\Hy@linkcounter=\count282
\Hy@pagecounter=\count283
 (/usr/local/texlive/2022/texmf-dist/tex/latex/hyperref/pd1enc.def
File: pd1enc.def 2022-02-21 v7.00n Hyperref: PDFDocEncoding definition (HO)
Now handling font encoding PD1 ...
... no UTF-8 mapping file for font encoding PD1
) (/usr/local/texlive/2022/texmf-dist/tex/generic/intcalc/intcalc.sty
Package: intcalc 2019/12/15 v1.3 Expandable calculations with integers (HO)
) (/usr/local/texlive/2022/texmf-dist/tex/generic/etexcmds/etexcmds.sty
Package: etexcmds 2019/12/15 v1.7 Avoid name clashes with e-TeX commands (HO)
)
\Hy@SavedSpaceFactor=\count284
 (/usr/local/texlive/2022/texmf-dist/tex/latex/hyperref/puenc.def
File: puenc.def 2022-02-21 v7.00n Hyperref: PDF Unicode definition (HO)
Now handling font encoding PU ...
... no UTF-8 mapping file for font encoding PU
)
Package hyperref Info: Option `hyperfootnotes' set `false' on input line 4018.
Package hyperref Info: Hyper figures OFF on input line 4137.
Package hyperref Info: Link nesting OFF on input line 4142.
Package hyperref Info: Hyper index ON on input line 4145.
Package hyperref Info: Plain pages OFF on input line 4152.
Package hyperref Info: Backreferencing OFF on input line 4157.
Package hyperref Info: Implicit mode ON; LaTeX internals redefined.
Package hyperref Info: Bookmarks ON on input line 4390.
\c@Hy@tempcnt=\count285
 (/usr/local/texlive/2022/texmf-dist/tex/latex/url/url.sty
\Urlmuskip=\muskip16
Package: url 2013/09/16  ver 3.4  Verb mode for urls, etc.
)
LaTeX Info: Redefining \url on input line 4749.
\XeTeXLinkMargin=\dimen167
 (/usr/local/texlive/2022/texmf-dist/tex/generic/bitset/bitset.sty
Package: bitset 2019/12/09 v1.3 Handle bit-vector datatype (HO)
 (/usr/local/texlive/2022/texmf-dist/tex/generic/bigintcalc/bigintcalc.sty
Package: bigintcalc 2019/12/15 v1.5 Expandable calculations on big integers (HO)
))
\Fld@menulength=\count286
\Field@Width=\dimen168
\Fld@charsize=\dimen169
Package hyperref Info: Hyper figures OFF on input line 6027.
Package hyperref Info: Link nesting OFF on input line 6032.
Package hyperref Info: Hyper index ON on input line 6035.
Package hyperref Info: backreferencing OFF on input line 6042.
Package hyperref Info: Link coloring OFF on input line 6047.
Package hyperref Info: Link coloring with OCG OFF on input line 6052.
Package hyperref Info: PDF/A mode OFF on input line 6057.
LaTeX Info: Redefining \ref on input line 6097.
LaTeX Info: Redefining \pageref on input line 6101.
 (/usr/local/texlive/2022/texmf-dist/tex/latex/base/atbegshi-ltx.sty
Package: atbegshi-ltx 2021/01/10 v1.0c Emulation of the original atbegshi
package with kernel methods
)
\Hy@abspage=\count287
\c@Item=\count288
)
Package hyperref Info: Driver (autodetected): hpdftex.
 (/usr/local/texlive/2022/texmf-dist/tex/latex/hyperref/hpdftex.def
File: hpdftex.def 2022-02-21 v7.00n Hyperref driver for pdfTeX
 (/usr/local/texlive/2022/texmf-dist/tex/latex/base/atveryend-ltx.sty
Package: atveryend-ltx 2020/08/19 v1.0a Emulation of the original atveryend package
with kernel methods
)
\Fld@listcount=\count289
\c@bookmark@seq@number=\count290
 (/usr/local/texlive/2022/texmf-dist/tex/latex/rerunfilecheck/rerunfilecheck.sty
Package: rerunfilecheck 2019/12/05 v1.9 Rerun checks for auxiliary files (HO)
 (/usr/local/texlive/2022/texmf-dist/tex/generic/uniquecounter/uniquecounter.sty
Package: uniquecounter 2019/12/15 v1.4 Provide unlimited unique counter (HO)
)
Package uniquecounter Info: New unique counter `rerunfilecheck' on input line 286.
)
\Hy@SectionHShift=\skip106
)
Package hyperref Info: Option `colorlinks' set `true' on input line 679.
Package hyperref Info: Option `linktocpage' set `true' on input line 679.
Package hyperref Info: Option `breaklinks' set `true' on input line 679.
) (/usr/local/texlive/2022/texmf-dist/tex/latex/tools/xspace.sty
Package: xspace 2014/10/28 v1.13 Space after command names (DPC,MH)
) (/usr/local/texlive/2022/texmf-dist/tex/latex/tools/afterpage.sty
Package: afterpage 2014/10/28 v1.08 After-Page Package (DPC)
\AP@output=\toks27
\AP@partial=\box54
\AP@footins=\box55
) (/usr/local/texlive/2022/texmf-dist/tex/latex/tools/enumerate.sty
Package: enumerate 2015/07/23 v3.00 enumerate extensions (DPC)
\@enLab=\toks28
) (/usr/local/texlive/2022/texmf-dist/tex/latex/comment/comment.sty
\CommentStream=\write3
 Excluding comment 'comment') (/usr/local/texlive/2022/texmf-dist/tex/latex/graphics/graphicx.sty
Package: graphicx 2021/09/16 v1.2d Enhanced LaTeX Graphics (DPC,SPQR)
 (/usr/local/texlive/2022/texmf-dist/tex/latex/graphics/graphics.sty
Package: graphics 2021/03/04 v1.4d Standard LaTeX Graphics (DPC,SPQR)
 (/usr/local/texlive/2022/texmf-dist/tex/latex/graphics/trig.sty
Package: trig 2021/08/11 v1.11 sin cos tan (DPC)
) (/usr/local/texlive/2022/texmf-dist/tex/latex/graphics-cfg/graphics.cfg
File: graphics.cfg 2016/06/04 v1.11 sample graphics configuration
)
Package graphics Info: Driver file: pdftex.def on input line 107.
)
\Gin@req@height=\dimen170
\Gin@req@width=\dimen171
) (/usr/local/texlive/2022/texmf-dist/tex/latex/amsfonts/amsfonts.sty
Package: amsfonts 2013/01/14 v3.01 Basic AMSFonts support
\@emptytoks=\toks29
\symAMSa=\mathgroup5
\symAMSb=\mathgroup6
LaTeX Font Info:    Redeclaring math symbol \hbar on input line 98.
LaTeX Font Info:    Overwriting math alphabet `\mathfrak' in version `bold'
(Font)                  U/euf/m/n --> U/euf/b/n on input line 106.
) (/usr/local/texlive/2022/texmf-dist/tex/latex/amsmath/amsmath.sty
Package: amsmath 2021/10/15 v2.17l AMS math features
\@mathmargin=\skip107

For additional information on amsmath, use the `?' option.
(/usr/local/texlive/2022/texmf-dist/tex/latex/amsmath/amstext.sty
Package: amstext 2021/08/26 v2.01 AMS text
 (/usr/local/texlive/2022/texmf-dist/tex/latex/amsmath/amsgen.sty
File: amsgen.sty 1999/11/30 v2.0 generic functions
\@emptytoks=\toks30
\ex@=\dimen172
)) (/usr/local/texlive/2022/texmf-dist/tex/latex/amsmath/amsbsy.sty
Package: amsbsy 1999/11/29 v1.2d Bold Symbols
\pmbraise@=\dimen173
) (/usr/local/texlive/2022/texmf-dist/tex/latex/amsmath/amsopn.sty
Package: amsopn 2021/08/26 v2.02 operator names
)
\inf@bad=\count291
LaTeX Info: Redefining \frac on input line 234.
\uproot@=\count292
\leftroot@=\count293
LaTeX Info: Redefining \overline on input line 399.
\classnum@=\count294
\DOTSCASE@=\count295
LaTeX Info: Redefining \ldots on input line 496.
LaTeX Info: Redefining \dots on input line 499.
LaTeX Info: Redefining \cdots on input line 620.
\Mathstrutbox@=\box56
\strutbox@=\box57
\big@size=\dimen174
LaTeX Font Info:    Redeclaring font encoding OML on input line 743.
LaTeX Font Info:    Redeclaring font encoding OMS on input line 744.
\macc@depth=\count296
\c@MaxMatrixCols=\count297
\dotsspace@=\muskip17
\c@parentequation=\count298
\dspbrk@lvl=\count299
\tag@help=\toks31
\row@=\count300
\column@=\count301
\maxfields@=\count302
\andhelp@=\toks32
\eqnshift@=\dimen175
\alignsep@=\dimen176
\tagshift@=\dimen177
\tagwidth@=\dimen178
\totwidth@=\dimen179
\lineht@=\dimen180
\@envbody=\toks33
\multlinegap=\skip108
\multlinetaggap=\skip109
\mathdisplay@stack=\toks34
LaTeX Info: Redefining \[ on input line 2938.
LaTeX Info: Redefining \] on input line 2939.
) (/usr/local/texlive/2022/texmf-dist/tex/latex/amsfonts/amssymb.sty
Package: amssymb 2013/01/14 v3.01 AMS font symbols
) (/usr/local/texlive/2022/texmf-dist/tex/latex/amscls/amsthm.sty
Package: amsthm 2020/05/29 v2.20.6
\thm@style=\toks35
\thm@bodyfont=\toks36
\thm@headfont=\toks37
\thm@notefont=\toks38
\thm@headpunct=\toks39
\thm@preskip=\skip110
\thm@postskip=\skip111
\thm@headsep=\skip112
\dth@everypar=\toks40
) (/usr/local/texlive/2022/texmf-dist/tex/latex/xpatch/xpatch.sty (/usr/local/texlive/2022/texmf-dist/tex/latex/l3kernel/expl3.sty
Package: expl3 2022-02-24 L3 programming layer (loader) 
 (/usr/local/texlive/2022/texmf-dist/tex/latex/l3backend/l3backend-pdftex.def
File: l3backend-pdftex.def 2022-02-07 L3 backend support: PDF output (pdfTeX)
\l__color_backend_stack_int=\count303
\l__pdf_internal_box=\box58
))
Package: xpatch 2020/03/25 v0.3a Extending etoolbox patching commands
 (/usr/local/texlive/2022/texmf-dist/tex/latex/l3packages/xparse/xparse.sty
Package: xparse 2022-01-12 L3 Experimental document command parser
))
Class scrbook Info: amsthm's \deferred@thm@head patched.
 (/usr/local/texlive/2022/texmf-dist/tex/latex/preprint/fullpage.sty
Package: fullpage 1999/02/23 1.1 (PWD)
\FP@margin=\skip113
) (/usr/local/texlive/2022/texmf-dist/tex/latex/makecell/makecell.sty
Package: makecell 2009/08/03 V0.1e Managing of Tab Column Heads and Cells
 (/usr/local/texlive/2022/texmf-dist/tex/latex/tools/array.sty
Package: array 2021/10/04 v2.5f Tabular extension package (FMi)
\col@sep=\dimen181
\ar@mcellbox=\box59
\extrarowheight=\dimen182
\NC@list=\toks41
\extratabsurround=\skip114
\backup@length=\skip115
\ar@cellbox=\box60
)
\rotheadsize=\dimen183
\c@nlinenum=\count304
\TeXr@lab=\toks42
)

Package amsthm Warning: Unknown theoremstyle `theorem' on input line 39.

LaTeX Font Info:    Trying to load font information for T1+pplj on input line 57.
(/usr/local/texlive/2022/texmf-dist/tex/latex/psnfss/t1pplj.fd
File: t1pplj.fd 2004/09/06 font definitions for T1/pplj.
) (./TCS1.aux)
\openout1 = `TCS1.aux'.

LaTeX Font Info:    Checking defaults for OML/cmm/m/it on input line 57.
LaTeX Font Info:    ... okay on input line 57.
LaTeX Font Info:    Checking defaults for OMS/cmsy/m/n on input line 57.
LaTeX Font Info:    ... okay on input line 57.
LaTeX Font Info:    Checking defaults for OT1/cmr/m/n on input line 57.
LaTeX Font Info:    ... okay on input line 57.
LaTeX Font Info:    Checking defaults for T1/cmr/m/n on input line 57.
LaTeX Font Info:    ... okay on input line 57.
LaTeX Font Info:    Checking defaults for TS1/cmr/m/n on input line 57.
LaTeX Font Info:    ... okay on input line 57.
LaTeX Font Info:    Checking defaults for OMX/cmex/m/n on input line 57.
LaTeX Font Info:    ... okay on input line 57.
LaTeX Font Info:    Checking defaults for U/cmr/m/n on input line 57.
LaTeX Font Info:    ... okay on input line 57.
LaTeX Font Info:    Checking defaults for PD1/pdf/m/n on input line 57.
LaTeX Font Info:    ... okay on input line 57.
LaTeX Font Info:    Checking defaults for PU/pdf/m/n on input line 57.
LaTeX Font Info:    ... okay on input line 57.
Package scrbase Info: activating english \contentsname on input line 57.
Package scrbase Info: activating english \listfigurename on input line 57.
Package scrbase Info: activating english \listtablename on input line 57.
 (/usr/local/texlive/2022/texmf-dist/tex/context/base/mkii/supp-pdf.mkii
[Loading MPS to PDF converter (version 2006.09.02).]
\scratchcounter=\count305
\scratchdimen=\dimen184
\scratchbox=\box61
\nofMPsegments=\count306
\nofMParguments=\count307
\everyMPshowfont=\toks43
\MPscratchCnt=\count308
\MPscratchDim=\dimen185
\MPnumerator=\count309
\makeMPintoPDFobject=\count310
\everyMPtoPDFconversion=\toks44
) (/usr/local/texlive/2022/texmf-dist/tex/latex/epstopdf-pkg/epstopdf-base.sty
Package: epstopdf-base 2020-01-24 v2.11 Base part for package epstopdf
Package epstopdf-base Info: Redefining graphics rule for `.eps' on input line 485.
 (/usr/local/texlive/2022/texmf-dist/tex/latex/latexconfig/epstopdf-sys.cfg
File: epstopdf-sys.cfg 2010/07/13 v1.3 Configuration of (r)epstopdf for TeX Live
))
LaTeX Info: Redefining \microtypecontext on input line 57.
Package microtype Info: Applying patch `item' on input line 57.
Package microtype Info: Applying patch `toc' on input line 57.
Package microtype Info: Applying patch `eqnum' on input line 57.
Package microtype Info: Applying patch `footnote' on input line 57.
Package microtype Info: Generating PDF output.
Package microtype Info: Character protrusion enabled (level 2).
Package microtype Info: Using default protrusion set `alltext'.
Package microtype Info: Automatic font expansion enabled (level 2),
(microtype)             stretch: 20, shrink: 20, step: 1, non-selected.
Package microtype Info: Using default expansion set `alltext-nott'.
LaTeX Info: Redefining \showhyphens on input line 57.
Package microtype Info: No adjustment of tracking.
Package microtype Info: No adjustment of interword spacing.
Package microtype Info: No adjustment of character kerning.
 (/usr/local/texlive/2022/texmf-dist/tex/latex/microtype/mt-ppl.cfg
File: mt-ppl.cfg 2005/11/16 v1.6 microtype config. file: Palatino (RS)
)

Package scrlayer-scrpage Warning: Very small head height detected!
(scrlayer-scrpage)                Using scrlayer-scrpage the head height
(scrlayer-scrpage)                should be at least \baselineskip, which is
(scrlayer-scrpage)                14.28004pt currently.
(scrlayer-scrpage)                But head height is currently 0.0pt only.
(scrlayer-scrpage)                You may use
(scrlayer-scrpage)                typearea option `headheight=14.28004pt'
(scrlayer-scrpage)                \relax to avoid this warning.

Package caption Info: Begin \AtBeginDocument code.
Package caption Info: hyperref package is loaded.
Package caption Info: End \AtBeginDocument code.
Package hyperref Info: Link coloring ON on input line 57.
(/usr/local/texlive/2022/texmf-dist/tex/latex/hyperref/nameref.sty
Package: nameref 2021-04-02 v2.47 Cross-referencing by name of section
 (/usr/local/texlive/2022/texmf-dist/tex/latex/refcount/refcount.sty
Package: refcount 2019/12/15 v3.6 Data extraction from label references (HO)
) (/usr/local/texlive/2022/texmf-dist/tex/generic/gettitlestring/gettitlestring.sty
Package: gettitlestring 2019/12/15 v1.6 Cleanup title references (HO)
)
\c@section@level=\count311
)
LaTeX Info: Redefining \ref on input line 57.
LaTeX Info: Redefining \pageref on input line 57.
LaTeX Info: Redefining \nameref on input line 57.
 (./TCS1.out) (./TCS1.out)
\@outlinefile=\write4
\openout4 = `TCS1.out'.

Class scrbook Info: loading recommended package `bookmark'.
(scrbook)           Using `bookmark' together with `hyperref' is recommended,
(scrbook)           because of handling of possible bookmark level gaps.
(scrbook)           You can avoid loading `bookmark' with KOMA-Script option
(scrbook)           `bookmarkpackage=false' before \begin{document} and
(scrbook)           you can avoid this message adding:
(scrbook)             \usepackage{bookmark}
(scrbook)           before \begin{document} on input line 57.
 (/usr/local/texlive/2022/texmf-dist/tex/latex/bookmark/bookmark.sty
Package: bookmark 2020-11-06 v1.29 PDF bookmarks (HO)
 (/usr/local/texlive/2022/texmf-dist/tex/latex/bookmark/bkm-pdftex.def
File: bkm-pdftex.def 2020-11-06 v1.29 bookmark driver for pdfTeX (HO)
\BKM@id=\count312
)) (./Titlepage.tex
LaTeX Font Info:    Trying to load font information for T1+iwona on input line 17.
 (/usr/local/texlive/2022/texmf-dist/tex/latex/iwona/t1iwona.fd
File: t1iwona.fd 2008/07/22 v0.995 font definition file for T1/iwona (MW)
)
Package microtype Info: Loading generic protrusion settings for font family
(microtype)             `iwona' (encoding: T1).
(microtype)             For optimal results, create family-specific settings.
(microtype)             See the microtype manual for details.
LaTeX Font Info:    Trying to load font information for OT1+pplx on input line 17.
 (/usr/local/texlive/2022/texmf-dist/tex/latex/psnfss/ot1pplx.fd
File: ot1pplx.fd 2004/09/06 font definitions for OT1/pplx.
)
LaTeX Font Info:    Trying to load font information for OML+zplm on input line 17.
 (/usr/local/texlive/2022/texmf-dist/tex/latex/psnfss/omlzplm.fd
File: omlzplm.fd 2002/09/08 Fontinst v1.914 font definitions for OML/zplm.
)
LaTeX Font Info:    Trying to load font information for OMS+zplm on input line 17.
 (/usr/local/texlive/2022/texmf-dist/tex/latex/psnfss/omszplm.fd
File: omszplm.fd 2002/09/08 Fontinst v1.914 font definitions for OMS/zplm.
)
LaTeX Font Info:    Trying to load font information for OMX+zplm on input line 17.
 (/usr/local/texlive/2022/texmf-dist/tex/latex/psnfss/omxzplm.fd
File: omxzplm.fd 2002/09/08 Fontinst v1.914 font definitions for OMX/zplm.
)
LaTeX Font Info:    Trying to load font information for OT1+zplm on input line 17.
 (/usr/local/texlive/2022/texmf-dist/tex/latex/psnfss/ot1zplm.fd
File: ot1zplm.fd 2002/09/08 Fontinst v1.914 font definitions for OT1/zplm.
)
Package microtype Info: Loading generic protrusion settings for font family
(microtype)             `zplm' (encoding: OT1).
(microtype)             For optimal results, create family-specific settings.
(microtype)             See the microtype manual for details.
LaTeX Font Info:    Font shape `U/msa/m/n' will be
(Font)              scaled to size 12.50409pt on input line 17.
 (/usr/local/texlive/2022/texmf-dist/tex/latex/microtype/mt-msa.cfg
File: mt-msa.cfg 2006/02/04 v1.1 microtype config. file: AMS symbols (a) (RS)
)
LaTeX Font Info:    Font shape `U/msa/m/n' will be
(Font)              scaled to size 9.37807pt on input line 17.
LaTeX Font Info:    Font shape `U/msa/m/n' will be
(Font)              scaled to size 7.29405pt on input line 17.
LaTeX Font Info:    Font shape `U/msb/m/n' will be
(Font)              scaled to size 12.50409pt on input line 17.
 (/usr/local/texlive/2022/texmf-dist/tex/latex/microtype/mt-msb.cfg
File: mt-msb.cfg 2005/06/01 v1.0 microtype config. file: AMS symbols (b) (RS)
)
LaTeX Font Info:    Font shape `U/msb/m/n' will be
(Font)              scaled to size 9.37807pt on input line 17.
LaTeX Font Info:    Font shape `U/msb/m/n' will be
(Font)              scaled to size 7.29405pt on input line 17.
<Desargues.png, id=4, 602.25pt x 602.25pt>
File: Desargues.png Graphic file (type png)
<use Desargues.png>
Package pdftex.def Info: Desargues.png  used on input line 24.
(pdftex.def)             Requested size: 312.9803pt x 312.988pt.
 [1



{/usr/local/texlive/2022/texmf-var/fonts/map/pdftex/updmap/pdftex.map} <./Desargues.png>]) (./cip.tex
LaTeX Font Info:    Trying to load font information for T1+fvm on input line 28.
 (/usr/local/texlive/2022/texmf-dist/tex/latex/bera/t1fvm.fd
File: t1fvm.fd 2004/09/07 scalable font definitions for T1/fvm.
)
LaTeX Font Info:    Font shape `T1/fvm/m/n' will be
(Font)              scaled to size 8.50006pt on input line 28.
Package microtype Info: Loading generic protrusion settings for font family
(microtype)             `fvm' (encoding: T1).
(microtype)             For optimal results, create family-specific settings.
(microtype)             See the microtype manual for details.
LaTeX Font Info:    Font shape `U/msa/m/n' will be
(Font)              scaled to size 10.42007pt on input line 28.
LaTeX Font Info:    Font shape `U/msa/m/n' will be
(Font)              scaled to size 7.91925pt on input line 28.
LaTeX Font Info:    Font shape `U/msa/m/n' will be
(Font)              scaled to size 6.25204pt on input line 28.
LaTeX Font Info:    Font shape `U/msb/m/n' will be
(Font)              scaled to size 10.42007pt on input line 28.
LaTeX Font Info:    Font shape `U/msb/m/n' will be
(Font)              scaled to size 7.91925pt on input line 28.
LaTeX Font Info:    Font shape `U/msb/m/n' will be
(Font)              scaled to size 6.25204pt on input line 28.
)
LaTeX Font Info:    Font shape `U/msa/m/n' will be
(Font)              scaled to size 11.40997pt on input line 60.
LaTeX Font Info:    Font shape `U/msa/m/n' will be
(Font)              scaled to size 8.33606pt on input line 60.
LaTeX Font Info:    Font shape `U/msb/m/n' will be
(Font)              scaled to size 11.40997pt on input line 60.
LaTeX Font Info:    Font shape `U/msb/m/n' will be
(Font)              scaled to size 8.33606pt on input line 60.


Package scrlayer-scrpage Warning: \headheight to low.
(scrlayer-scrpage)                At least 14.28003pt needed,
(scrlayer-scrpage)                but only 0.0pt found.
(scrlayer-scrpage)                I'll enlarge \headheight, for further
(scrlayer-scrpage)                processing, but you should do this yourself,
(scrlayer-scrpage)                e.g., setting typearea's option
(scrlayer-scrpage)                `headheight=14.28003pt'.
(scrlayer-scrpage)                I'll also decrease \topmargin on input line 60.


Overfull \vbox (14.28003pt too high) has occurred while \output is active []

 [2]
LaTeX Font Info:    Font shape `U/msa/m/n' will be
(Font)              scaled to size 15.0049pt on input line 61.
LaTeX Font Info:    Font shape `U/msb/m/n' will be
(Font)              scaled to size 15.0049pt on input line 61.
LaTeX Font Info:    Font shape `T1/fvm/m/n' will be
(Font)              scaled to size 9.30756pt on input line 68.
 (./kolofon.tex [3]) [4]
Package tocbasic Info: character protrusion at toc deactivated on input line 92.
 (./TCS1.toc
Package microtype Info: Character `029' is missing
(microtype)             in font `T1/pplj/m/sc/10.95'.
(microtype)             Ignoring protrusion settings for this character.
 [5


])
\tf@toc=\write5
\openout5 = `TCS1.toc'.


Chapter 1.
[6]
Package microtype Info: Character `029' is missing
(microtype)             in font `T1/iwona/m/sc/14.4'.
(microtype)             Ignoring protrusion settings for this character.
 [7


]
Underfull \hbox (badness 10000) in paragraph at lines 160--161

 []


Underfull \hbox (badness 10000) in paragraph at lines 168--169

 []

[8]
Underfull \hbox (badness 10000) in paragraph at lines 177--178

 []


Underfull \hbox (badness 10000) in paragraph at lines 213--214

 []

[9] [10]
Overfull \hbox (53.00648pt too wide) detected at line 312
[]
 []

[11] [12] [13]
Overfull \hbox (16.28343pt too wide) in paragraph at lines 440--442
[]\T1/pplj/m/it/10.95 (-20) Contradiction\T1/pplj/m/n/10.95 (-20) : a propo-si-tion that is al-ways false (ex-am-ple: $\OML/zplm/m/it/10.95 A[]\OMS/zplm/m/n/10.95 :\OML/zplm/m/it/10.95 A$\T1/pplj/m/n/10.95 (-20) ),
 []

[14] [15] [16] [17] [18]
Package epstopdf Info: Source file: <vezje.eps>
(epstopdf)                    date: 2023-10-25 09:13:36
(epstopdf)                    size: 12388 bytes
(epstopdf)             Output file: <vezje-eps-converted-to.pdf>
(epstopdf)                    date: 2023-10-25 09:14:30
(epstopdf)                    size: 5107 bytes
(epstopdf)             Command: <repstopdf --outfile=vezje-eps-converted-to.pdf vezje.eps>
(epstopdf)             \includegraphics on input line 765.
Package epstopdf Info: Output file is already uptodate.
<vezje-eps-converted-to.pdf, id=254, 190.7125pt x 57.21375pt>
File: vezje-eps-converted-to.pdf Graphic file (type pdf)
<use vezje-eps-converted-to.pdf>
Package pdftex.def Info: vezje-eps-converted-to.pdf  used on input line 765.
(pdftex.def)             Requested size: 189.6935pt x 56.9055pt.


LaTeX Warning: `!h' float specifier changed to `!ht'.

Package epstopdf Info: Source file: <vezje-zaporedno.eps>
(epstopdf)                    date: 2023-10-25 09:13:36
(epstopdf)                    size: 10972 bytes
(epstopdf)             Output file: <vezje-zaporedno-eps-converted-to.pdf>
(epstopdf)                    date: 2023-10-25 09:14:30
(epstopdf)                    size: 4762 bytes
(epstopdf)             Command: <repstopdf --outfile=vezje-zaporedno-eps-converted-to.pdf vezje-zaporedno.eps>
(epstopdf)             \includegraphics on input line 780.
Package epstopdf Info: Output file is already uptodate.
<vezje-zaporedno-eps-converted-to.pdf, id=255, 155.58125pt x 10.0375pt>
File: vezje-zaporedno-eps-converted-to.pdf Graphic file (type pdf)
<use vezje-zaporedno-eps-converted-to.pdf>
Package pdftex.def Info: vezje-zaporedno-eps-converted-to.pdf  used on input line 780.
(pdftex.def)             Requested size: 220.5162pt x 14.22636pt.
[19]
Package epstopdf Info: Source file: <vezje-vzporedno.eps>
(epstopdf)                    date: 2023-10-25 09:13:36
(epstopdf)                    size: 11079 bytes
(epstopdf)             Output file: <vezje-vzporedno-eps-converted-to.pdf>
(epstopdf)                    date: 2023-10-25 09:14:31
(epstopdf)                    size: 4794 bytes
(epstopdf)             Command: <repstopdf --outfile=vezje-vzporedno-eps-converted-to.pdf vezje-vzporedno.eps>
(epstopdf)             \includegraphics on input line 790.
Package epstopdf Info: Output file is already uptodate.
<vezje-vzporedno-eps-converted-to.pdf, id=261, 142.5325pt x 40.15pt>
File: vezje-vzporedno-eps-converted-to.pdf Graphic file (type pdf)
<use vezje-vzporedno-eps-converted-to.pdf>
Package pdftex.def Info: vezje-vzporedno-eps-converted-to.pdf  used on input line 790.
(pdftex.def)             Requested size: 202.02129pt x 56.9055pt.
 [20 <./vezje-eps-converted-to.pdf> <./vezje-zaporedno-eps-converted-to.pdf> <./vezje-vzporedno-eps-converted-to.pdf>]
Overfull \hbox (30.91183pt too wide) detected at line 833
\OT1/zplm/m/n/10.95 (\OML/zplm/m/it/10.95 A[]B[]C\OT1/zplm/m/n/10.95 )[](\OMS/zplm/m/n/10.95 :\OML/zplm/m/it/10.95 A[]B[]C\OT1/zplm/m/n/10.95 )[](\OMS/zplm/m/n/10.95 :\OML/zplm/m/it/10.95 A[]\OMS/zplm/m/n/10.95 :\OML/zplm/m/it/10.95 B[]C\OT1/zplm/m/n/10.95 )[](\OMS/zplm/m/n/10.95 :\OML/zplm/m/it/10.95 A[]\OMS/zplm/m/n/10.95 :\OML/zplm/m/it/10.95 B[]\OMS/zplm/m/n/10.95 :\OML/zplm/m/it/10.95 C\OT1/zplm/m/n/10.95 ) \OT1/pplx/m/n/10.95 .
 []

Package epstopdf Info: Source file: <vezje-DNO.eps>
(epstopdf)                    date: 2023-10-25 09:13:36
(epstopdf)                    size: 16544 bytes
(epstopdf)             Output file: <vezje-DNO-eps-converted-to.pdf>
(epstopdf)                    date: 2023-10-25 09:13:36
(epstopdf)                    size: 6119 bytes
(epstopdf)             Command: <repstopdf --outfile=vezje-DNO-eps-converted-to.pdf vezje-DNO.eps>
(epstopdf)             \includegraphics on input line 838.
Package epstopdf Info: Output file is already uptodate.
<vezje-DNO-eps-converted-to.pdf, id=288, 222.8325pt x 105.39375pt>
File: vezje-DNO-eps-converted-to.pdf Graphic file (type pdf)
<use vezje-DNO-eps-converted-to.pdf>
Package pdftex.def Info: vezje-DNO-eps-converted-to.pdf  used on input line 838.
(pdftex.def)             Requested size: 210.55402pt x 99.58464pt.

Overfull \hbox (26.34938pt too wide) detected at line 844
\OT1/zplm/m/n/10.95 (\OMS/zplm/m/n/10.95 :\OML/zplm/m/it/10.95 A[]\OMS/zplm/m/n/10.95 :\OML/zplm/m/it/10.95 B[]C\OT1/zplm/m/n/10.95 )[](\OMS/zplm/m/n/10.95 :\OML/zplm/m/it/10.95 A[]B[]\OMS/zplm/m/n/10.95 :\OML/zplm/m/it/10.95 C\OT1/zplm/m/n/10.95 )[](\OMS/zplm/m/n/10.95 :\OML/zplm/m/it/10.95 A[]B[]C\OT1/zplm/m/n/10.95 )[](\OML/zplm/m/it/10.95 A[]\OMS/zplm/m/n/10.95 :\OML/zplm/m/it/10.95 B[]C\OT1/zplm/m/n/10.95 )
 []

Package epstopdf Info: Source file: <vezje-KNO.eps>
(epstopdf)                    date: 2023-10-25 09:13:36
(epstopdf)                    size: 16238 bytes
(epstopdf)             Output file: <vezje-KNO-eps-converted-to.pdf>
(epstopdf)                    date: 2023-10-25 09:13:36
(epstopdf)                    size: 6111 bytes
(epstopdf)             Command: <repstopdf --outfile=vezje-KNO-eps-converted-to.pdf vezje-KNO.eps>
(epstopdf)             \includegraphics on input line 848.
Package epstopdf Info: Output file is already uptodate.
<vezje-KNO-eps-converted-to.pdf, id=289, 303.1325pt x 74.2775pt>
File: vezje-KNO-eps-converted-to.pdf Graphic file (type pdf)
<use vezje-KNO-eps-converted-to.pdf>
Package pdftex.def Info: vezje-KNO-eps-converted-to.pdf  used on input line 848.
(pdftex.def)             Requested size: 232.24713pt x 56.9055pt.

LaTeX Warning: `h' float specifier changed to `ht'.

[21 <./vezje-DNO-eps-converted-to.pdf>]
Package epstopdf Info: Source file: <vezje2.eps>
(epstopdf)                    date: 2023-10-25 09:13:36
(epstopdf)                    size: 15555 bytes
(epstopdf)             Output file: <vezje2-eps-converted-to.pdf>
(epstopdf)                    date: 2023-10-25 09:14:31
(epstopdf)                    size: 6026 bytes
(epstopdf)             Command: <repstopdf --outfile=vezje2-eps-converted-to.pdf vezje2.eps>
(epstopdf)             \includegraphics on input line 865.
Package epstopdf Info: Output file is already uptodate.
<vezje2-eps-converted-to.pdf, id=307, 190.7125pt x 102.3825pt>
File: vezje2-eps-converted-to.pdf Graphic file (type pdf)
<use vezje2-eps-converted-to.pdf>
Package pdftex.def Info: vezje2-eps-converted-to.pdf  used on input line 865.
(pdftex.def)             Requested size: 185.51178pt x 99.58464pt.

Underfull \vbox (badness 10000) has occurred while \output is active []

 [22 <./vezje-KNO-eps-converted-to.pdf> <./vezje2-eps-converted-to.pdf>]
Package epstopdf Info: Source file: <vezje3.eps>
(epstopdf)                    date: 2023-10-25 09:13:36
(epstopdf)                    size: 13625 bytes
(epstopdf)             Output file: <vezje3-eps-converted-to.pdf>
(epstopdf)                    date: 2023-10-25 09:14:32
(epstopdf)                    size: 5706 bytes
(epstopdf)             Command: <repstopdf --outfile=vezje3-eps-converted-to.pdf vezje3.eps>
(epstopdf)             \includegraphics on input line 895.
Package epstopdf Info: Output file is already uptodate.
<vezje3-eps-converted-to.pdf, id=330, 110.4125pt x 39.14626pt>
File: vezje3-eps-converted-to.pdf Graphic file (type pdf)
<use vezje3-eps-converted-to.pdf>
Package pdftex.def Info: vezje3-eps-converted-to.pdf  used on input line 895.
(pdftex.def)             Requested size: 120.38092pt x 42.67912pt.
 [23 <./vezje3-eps-converted-to.pdf>]
Overfull \hbox (2.73029pt too wide) detected at line 941
\OT1/zplm/m/n/10.95 (\OML/zplm/m/it/10.95 A[]B[]C\OT1/zplm/m/n/10.95 )[](\OML/zplm/m/it/10.95 A[]B[]\OMS/zplm/m/n/10.95 :\OML/zplm/m/it/10.95 C\OT1/zplm/m/n/10.95 )[](\OML/zplm/m/it/10.95 A[]\OMS/zplm/m/n/10.95 :\OML/zplm/m/it/10.95 B[]C\OT1/zplm/m/n/10.95 )[](\OMS/zplm/m/n/10.95 :\OML/zplm/m/it/10.95 A[]B[]C\OT1/zplm/m/n/10.95 )
 []

Package epstopdf Info: Source file: <vezje-poslanci-1.eps>
(epstopdf)                    date: 2023-10-25 09:13:36
(epstopdf)                    size: 20667 bytes
(epstopdf)             Output file: <vezje-poslanci-1-eps-converted-to.pdf>
(epstopdf)                    date: 2023-10-25 09:14:32
(epstopdf)                    size: 7173 bytes
(epstopdf)             Command: <repstopdf --outfile=vezje-poslanci-1-eps-converted-to.pdf vezje-poslanci-1.eps>
(epstopdf)             \includegraphics on input line 948.
Package epstopdf Info: Output file is already uptodate.
<vezje-poslanci-1-eps-converted-to.pdf, id=344, 231.86626pt x 106.3975pt>
File: vezje-poslanci-1-eps-converted-to.pdf Graphic file (type pdf)
<use vezje-poslanci-1-eps-converted-to.pdf>
Package pdftex.def Info: vezje-poslanci-1-eps-converted-to.pdf  used on input line 948.
(pdftex.def)             Requested size: 186.02748pt x 85.35826pt.
Package epstopdf Info: Source file: <vezje-poslanci-2.eps>
(epstopdf)                    date: 2023-10-25 09:13:36
(epstopdf)                    size: 19802 bytes
(epstopdf)             Output file: <vezje-poslanci-2-eps-converted-to.pdf>
(epstopdf)                    date: 2023-10-25 09:14:33
(epstopdf)                    size: 7073 bytes
(epstopdf)             Command: <repstopdf --outfile=vezje-poslanci-2-eps-converted-to.pdf vezje-poslanci-2.eps>
(epstopdf)             \includegraphics on input line 949.
Package epstopdf Info: Output file is already uptodate.
<vezje-poslanci-2-eps-converted-to.pdf, id=345, 228.855pt x 73.27374pt>
File: vezje-poslanci-2-eps-converted-to.pdf Graphic file (type pdf)
<use vezje-poslanci-2-eps-converted-to.pdf>
Package pdftex.def Info: vezje-poslanci-2-eps-converted-to.pdf  used on input line 949.
(pdftex.def)             Requested size: 177.73094pt x 56.9055pt.
[24] [25 <./vezje-poslanci-1-eps-converted-to.pdf> <./vezje-poslanci-2-eps-converted-to.pdf>] [26] [27]
Overfull \hbox (10.75143pt too wide) in paragraph at lines 1070--1079
\T1/pplj/m/n/10.95 (-20) propo-si-tion $\OML/zplm/m/it/10.95 A[]B$ \T1/pplj/m/n/10.95 (-20) would be true, while the propo-si-tion $\OML/zplm/m/it/10.95 A[]C[]B[]C$
 []

Package microtype Info: Character `029' is missing
(microtype)             in font `T1/iwona/b/sc/10.95'.
(microtype)             Ignoring protrusion settings for this character.
[28] [29] [30] [31] [32] [33] [34] [35] [36] [37] [38] [39]
Underfull \hbox (badness 10000) in paragraph at lines 1743--1750

 []

[40] [41]
Underfull \vbox (badness 10000) has occurred while \output is active []

 [42]
<vez1.pdf, id=522, 173.89969pt x 154.32657pt>
File: vez1.pdf Graphic file (type pdf)
<use vez1.pdf>
Package pdftex.def Info: vez1.pdf  used on input line 1824.
(pdftex.def)             Requested size: 173.89925pt x 154.32617pt.
<vez2.pdf, id=523, 170.88844pt x 72.27pt>
File: vez2.pdf Graphic file (type pdf)
<use vez2.pdf>
Package pdftex.def Info: vez2.pdf  used on input line 1828.
(pdftex.def)             Requested size: 170.88802pt x 72.2698pt.
<vez3.pdf, id=524, 167.87718pt x 115.18031pt>
File: vez3.pdf Graphic file (type pdf)
<use vez3.pdf>
Package pdftex.def Info: vez3.pdf  used on input line 1832.
(pdftex.def)             Requested size: 167.87677pt x 115.18001pt.
 [43 <./vez1.pdf> <./vez2.pdf> <./vez3.pdf>] [44] [45]
LaTeX Font Info:    Trying to load font information for U+fplmbb on input line 1951.
 (/usr/local/texlive/2022/texmf-dist/tex/latex/psnfss/ufplmbb.fd
File: ufplmbb.fd 2003/10/30 Fontinst v1.914 font definitions for U/fplmbb.
) [46]
Overfull \hbox (22.86923pt too wide) in alignment at lines 1973--1981
 [][][] []
 []

[47] [48]
Chapter 2.
[49] [50


] [51] [52] [53] [54]
Overfull \hbox (47.02434pt too wide) detected at line 2263
\OMS/zplm/m/n/10.95 [[]\OML/zplm/m/it/10.95 A[] \OT1/zplm/m/n/10.95 = \OMS/zplm/m/n/10.95 f\OML/zplm/m/it/10.95 x\OT1/pplx/m/n/10.95 ; \OT1/zplm/m/n/10.95 (\OMS/zplm/m/n/10.95 9\OML/zplm/m/it/10.95 ^^U\OT1/zplm/m/n/10.95 )(\OML/zplm/m/it/10.95 ^^U \OMS/zplm/m/n/10.95 2 f\OT1/pplx/m/n/10.95 1, 2\OMS/zplm/m/n/10.95 g[]\OML/zplm/m/it/10.95 x \OMS/zplm/m/n/10.95 2 \OML/zplm/m/it/10.95 A[]\OT1/zplm/m/n/10.95 )\OMS/zplm/m/n/10.95 g \OT1/zplm/m/n/10.95 = \OMS/zplm/m/n/10.95 f\OML/zplm/m/it/10.95 x\OT1/pplx/m/n/10.95 ; \OML/zplm/m/it/10.95 x \OMS/zplm/m/n/10.95 2 \OML/zplm/m/it/10.95 A[][]x \OMS/zplm/m/n/10.95 2 \OML/zplm/m/it/10.95 A[]\OMS/zplm/m/n/10.95 g \OT1/zplm/m/n/10.95 = \OML/zplm/m/it/10.95 A[] \OMS/zplm/m/n/10.95 [ \OML/zplm/m/it/10.95 A[] \OT1/pplx/m/n/10.95 .
 []

[55] [56] [57] [58] [59] [60] [61] [62]
LaTeX Font Info:    Font shape `U/msa/m/n' will be
(Font)              scaled to size 5.21004pt on input line 2698.
LaTeX Font Info:    Font shape `U/msb/m/n' will be
(Font)              scaled to size 5.21004pt on input line 2698.
 [63] [64] [65]
Overfull \hbox (60.06952pt too wide) detected at line 2870
\OML/zplm/m/it/10.95 A[] \OMS/zplm/m/n/10.95 ^^B \OML/zplm/m/it/10.95 A[] \OMS/zplm/m/n/10.95 ^^B [] ^^B \OML/zplm/m/it/10.95 A[] \OT1/zplm/m/n/10.95 = [] \OML/zplm/m/it/10.95 A[] \OT1/zplm/m/n/10.95 = \OMS/zplm/m/n/10.95 f\OT1/zplm/m/n/10.95 (\OML/zplm/m/it/10.95 x[]\OT1/pplx/m/n/10.95 , [] , \OML/zplm/m/it/10.95 x[]\OT1/zplm/m/n/10.95 ) []\OT1/pplx/m/n/10.95 ;  []\OML/zplm/m/it/10.95 x[] \OMS/zplm/m/n/10.95 2 \OML/zplm/m/it/10.95 A[][]x[] \OMS/zplm/m/n/10.95 2 \OML/zplm/m/it/10.95 A[][] [] []x[] \OMS/zplm/m/n/10.95 2 \OML/zplm/m/it/10.95 A[]\OMS/zplm/m/n/10.95 g \OT1/pplx/m/n/10.95 .
 []

[66]
Overfull \hbox (3.82443pt too wide) in paragraph at lines 2912--2914
\T1/pplj/m/n/10.95 (-20) are el-e-ments and which are sub-sets of (i) $\OMS/zplm/m/n/10.95 P\OT1/zplm/m/n/10.95 (\OML/zplm/m/it/10.95 A\OT1/zplm/m/n/10.95 )$ \T1/pplj/m/n/10.95 (-20) and (ii) $\OMS/zplm/m/n/10.95 P\OT1/zplm/m/n/10.95 (\OMS/zplm/m/n/10.95 P\OT1/zplm/m/n/10.95 (\OML/zplm/m/it/10.95 A\OT1/zplm/m/n/10.95 ))$\T1/pplj/m/n/10.95 (-20) ? 
 []

Chapter 3.
[67] [68


] [69]
Overfull \hbox (91.3308pt too wide) detected at line 2988
\OML/zplm/m/it/10.95 R \OT1/zplm/m/n/10.95 = \OMS/zplm/m/n/10.95 f\OT1/zplm/m/n/10.95 (\OT1/pplx/m/n/10.95 1, 1\OT1/zplm/m/n/10.95 )\OT1/pplx/m/n/10.95 , \OT1/zplm/m/n/10.95 (\OT1/pplx/m/n/10.95 2, 1\OT1/zplm/m/n/10.95 )\OT1/pplx/m/n/10.95 , \OT1/zplm/m/n/10.95 (\OT1/pplx/m/n/10.95 2, 2\OT1/zplm/m/n/10.95 )\OT1/pplx/m/n/10.95 , \OT1/zplm/m/n/10.95 (\OT1/pplx/m/n/10.95 3, 1\OT1/zplm/m/n/10.95 )\OT1/pplx/m/n/10.95 , \OT1/zplm/m/n/10.95 (\OT1/pplx/m/n/10.95 3, 3\OT1/zplm/m/n/10.95 )\OT1/pplx/m/n/10.95 , \OT1/zplm/m/n/10.95 (\OT1/pplx/m/n/10.95 4, 1\OT1/zplm/m/n/10.95 )\OT1/pplx/m/n/10.95 , \OT1/zplm/m/n/10.95 (\OT1/pplx/m/n/10.95 4, 2\OT1/zplm/m/n/10.95 )\OT1/pplx/m/n/10.95 , \OT1/zplm/m/n/10.95 (\OT1/pplx/m/n/10.95 4, 4\OT1/zplm/m/n/10.95 )\OT1/pplx/m/n/10.95 , \OT1/zplm/m/n/10.95 (\OT1/pplx/m/n/10.95 5, 1\OT1/zplm/m/n/10.95 )\OT1/pplx/m/n/10.95 , \OT1/zplm/m/n/10.95 (\OT1/pplx/m/n/10.95 5, 5\OT1/zplm/m/n/10.95 )\OT1/pplx/m/n/10.95 , \OT1/zplm/m/n/10.95 (\OT1/pplx/m/n/10.95 6, 1\OT1/zplm/m/n/10.95 )\OT1/pplx/m/n/10.95 , \OT1/zplm/m/n/10.95 (\OT1/pplx/m/n/10.95 6, 2\OT1/zplm/m/n/10.95 )\OT1/pplx/m/n/10.95 , \OT1/zplm/m/n/10.95 (\OT1/pplx/m/n/10.95 6, 3\OT1/zplm/m/n/10.95 )\OT1/pplx/m/n/10.95 , \OT1/zplm/m/n/10.95 (\OT1/pplx/m/n/10.95 6, 6\OT1/zplm/m/n/10.95 )\OMS/zplm/m/n/10.95 g \OT1/pplx/m/n/10.95 .
 []

[70] [71] [72] [73]
Overfull \hbox (2.50935pt too wide) in paragraph at lines 3349--3354
[]$\OML/zplm/m/it/10.95 R[][]\OT1/zplm/m/n/10.95 (\OMS/zplm/m/n/10.95 8\OML/zplm/m/it/10.95 x\OT1/zplm/m/n/10.95 )(\OMS/zplm/m/n/10.95 8\OML/zplm/m/it/10.95 y\OT1/zplm/m/n/10.95 )(\OML/zplm/m/it/10.95 x \OMS/zplm/m/n/10.95 2 \OML/zplm/m/it/10.95 S[]y \OMS/zplm/m/n/10.95 2 \OML/zplm/m/it/10.95 S[]xRy[]yRx[]x \OT1/zplm/m/n/10.95 =
 []


Overfull \hbox (49.7001pt too wide) in paragraph at lines 3362--3363
[]$\OML/zplm/m/it/10.95 R[][]\OT1/zplm/m/n/10.95 (\OMS/zplm/m/n/10.95 8\OML/zplm/m/it/10.95 x\OT1/zplm/m/n/10.95 )(\OMS/zplm/m/n/10.95 8\OML/zplm/m/it/10.95 y\OT1/zplm/m/n/10.95 )(\OMS/zplm/m/n/10.95 8\OML/zplm/m/it/10.95 z\OT1/zplm/m/n/10.95 )(\OML/zplm/m/it/10.95 x \OMS/zplm/m/n/10.95 2 \OML/zplm/m/it/10.95 S[]y \OMS/zplm/m/n/10.95 2 \OML/zplm/m/it/10.95 S[]z \OMS/zplm/m/n/10.95 2 \OML/zplm/m/it/10.95 S[]xRy[]yRz[]xRz\OT1/zplm/m/n/10.95 )$ 
 []


Overfull \hbox (76.10048pt too wide) in paragraph at lines 3374--3375
[]$\OML/zplm/m/it/10.95 R[][]\OT1/zplm/m/n/10.95 (\OMS/zplm/m/n/10.95 8\OML/zplm/m/it/10.95 x\OT1/zplm/m/n/10.95 )(\OMS/zplm/m/n/10.95 8\OML/zplm/m/it/10.95 y\OT1/zplm/m/n/10.95 )(\OMS/zplm/m/n/10.95 8\OML/zplm/m/it/10.95 z\OT1/zplm/m/n/10.95 )(\OML/zplm/m/it/10.95 x \OMS/zplm/m/n/10.95 2 \OML/zplm/m/it/10.95 S[]y \OMS/zplm/m/n/10.95 2 \OML/zplm/m/it/10.95 S[]z \OMS/zplm/m/n/10.95 2 \OML/zplm/m/it/10.95 S[]xRy[]yRz[]\OMS/zplm/m/n/10.95 :\OT1/zplm/m/n/10.95 (\OML/zplm/m/it/10.95 xRz\OT1/zplm/m/n/10.95 ))$ 
 []


Overfull \hbox (16.45714pt too wide) in paragraph at lines 3385--3387
[]$\OML/zplm/m/it/10.95 R[][]\OT1/zplm/m/n/10.95 (\OMS/zplm/m/n/10.95 8\OML/zplm/m/it/10.95 x\OT1/zplm/m/n/10.95 )(\OMS/zplm/m/n/10.95 8\OML/zplm/m/it/10.95 y\OT1/zplm/m/n/10.95 )(\OML/zplm/m/it/10.95 x \OMS/zplm/m/n/10.95 2 \OML/zplm/m/it/10.95 S[]y \OMS/zplm/m/n/10.95 2 \OML/zplm/m/it/10.95 S[]x \OMS/zplm/m/n/10.95 6\OT1/zplm/m/n/10.95 = \OML/zplm/m/it/10.95 y[]\OT1/zplm/m/n/10.95 (\OML/zplm/m/it/10.95 xRy\OT1/zplm/m/n/10.95 )[](\OML/zplm/m/it/10.95 yRx\OT1/zplm/m/n/10.95 ))$ 
 []

[74]
Overfull \hbox (82.10045pt too wide) detected at line 3442
\OML/zplm/m/it/10.95 xR[] \OMS/zplm/m/n/10.95 ^^N \OML/zplm/m/it/10.95 Ry[]\OT1/zplm/m/n/10.95 (\OMS/zplm/m/n/10.95 9\OML/zplm/m/it/10.95 z\OT1/zplm/m/n/10.95 )(\OML/zplm/m/it/10.95 xRz[]zR[]y\OT1/zplm/m/n/10.95 )[](\OMS/zplm/m/n/10.95 9\OML/zplm/m/it/10.95 z\OT1/zplm/m/n/10.95 )(\OML/zplm/m/it/10.95 xRz[]yRz\OT1/zplm/m/n/10.95 )[](\OMS/zplm/m/n/10.95 9\OML/zplm/m/it/10.95 z\OT1/zplm/m/n/10.95 )(\OML/zplm/m/it/10.95 xRz[]zRy\OT1/zplm/m/n/10.95 )[]\OML/zplm/m/it/10.95 xRy \OT1/pplx/m/n/10.95 .
 []

[75]
Overfull \hbox (37.51184pt too wide) in paragraph at lines 3500--3502
[]\T1/pplj/m/n/10.95 (-20) Indeed: $\OT1/zplm/m/n/10.95 (\OMS/zplm/m/n/10.95 9\OML/zplm/m/it/10.95 z\OT1/zplm/m/n/10.95 )(\OML/zplm/m/it/10.95 z \OMS/zplm/m/n/10.95 2 \OML/zplm/m/it/10.95 R\OT1/zplm/m/n/10.95 [\OML/zplm/m/it/10.95 x\OT1/zplm/m/n/10.95 ] \OMS/zplm/m/n/10.95 \ \OML/zplm/m/it/10.95 R\OT1/zplm/m/n/10.95 [\OML/zplm/m/it/10.95 y\OT1/zplm/m/n/10.95 ])[](\OMS/zplm/m/n/10.95 9\OML/zplm/m/it/10.95 z\OT1/zplm/m/n/10.95 )(\OML/zplm/m/it/10.95 R\OT1/zplm/m/n/10.95 [\OML/zplm/m/it/10.95 z\OT1/zplm/m/n/10.95 ] = \OML/zplm/m/it/10.95 R\OT1/zplm/m/n/10.95 [\OML/zplm/m/it/10.95 x\OT1/zplm/m/n/10.95 ][]\OML/zplm/m/it/10.95 R\OT1/zplm/m/n/10.95 [\OML/zplm/m/it/10.95 z\OT1/zplm/m/n/10.95 ] = \OML/zplm/m/it/10.95 R\OT1/zplm/m/n/10.95 [\OML/zplm/m/it/10.95 y\OT1/zplm/m/n/10.95 ])[]\OML/zplm/m/it/10.95 y \OMS/zplm/m/n/10.95 2
 []

[76]
Package epstopdf Info: Source file: <ekvivalencna.eps>
(epstopdf)                    date: 2023-10-25 09:13:36
(epstopdf)                    size: 14158 bytes
(epstopdf)             Output file: <ekvivalencna-eps-converted-to.pdf>
(epstopdf)                    date: 2023-10-25 09:14:33
(epstopdf)                    size: 5422 bytes
(epstopdf)             Command: <repstopdf --outfile=ekvivalencna-eps-converted-to.pdf ekvivalencna.eps>
(epstopdf)             \includegraphics on input line 3514.
Package epstopdf Info: Output file is already uptodate.
<ekvivalencna-eps-converted-to.pdf, id=814, 258.9675pt x 143.53625pt>
File: ekvivalencna-eps-converted-to.pdf Graphic file (type pdf)
<use ekvivalencna-eps-converted-to.pdf>
Package pdftex.def Info: ekvivalencna-eps-converted-to.pdf  used on input line 3514.
(pdftex.def)             Requested size: 154.00655pt x 85.35826pt.

Overfull \hbox (1.90372pt too wide) in paragraph at lines 3530--3533
[]\T1/pplj/m/n/10.95 (-20) symmetry: $\OML/zplm/m/it/10.95 xRy[]\OT1/zplm/m/n/10.95 (\OMS/zplm/m/n/10.95 9\OML/zplm/m/it/10.95 X\OT1/zplm/m/n/10.95 )(\OML/zplm/m/it/10.95 X \OMS/zplm/m/n/10.95 2 A[]\OML/zplm/m/it/10.95 x \OMS/zplm/m/n/10.95 2 \OML/zplm/m/it/10.95 X[]y \OMS/zplm/m/n/10.95 2 \OML/zplm/m/it/10.95 X\OT1/zplm/m/n/10.95 )[](\OMS/zplm/m/n/10.95 9\OML/zplm/m/it/10.95 X\OT1/zplm/m/n/10.95 )(\OML/zplm/m/it/10.95 X \OMS/zplm/m/n/10.95 2
 []


Overfull \hbox (35.21118pt too wide) in paragraph at lines 3533--3536
[]\T1/pplj/m/n/10.95 (-20) transitivity: $\OML/zplm/m/it/10.95 xRy[]yRz[]\OT1/zplm/m/n/10.95 (\OMS/zplm/m/n/10.95 9\OML/zplm/m/it/10.95 X\OT1/zplm/m/n/10.95 )(\OML/zplm/m/it/10.95 X \OMS/zplm/m/n/10.95 2 A[]\OML/zplm/m/it/10.95 x \OMS/zplm/m/n/10.95 2 \OML/zplm/m/it/10.95 X[]y \OMS/zplm/m/n/10.95 2 \OML/zplm/m/it/10.95 X\OT1/zplm/m/n/10.95 )[](\OMS/zplm/m/n/10.95 9\OML/zplm/m/it/10.95 Y\OT1/zplm/m/n/10.95 )(\OML/zplm/m/it/10.95 Y \OMS/zplm/m/n/10.95 2
 []

[77 <./ekvivalencna-eps-converted-to.pdf>] [78] [79]
Package epstopdf Info: Source file: <yx2.eps>
(epstopdf)                    date: 2023-10-25 09:13:36
(epstopdf)                    size: 15791 bytes
(epstopdf)             Output file: <yx2-eps-converted-to.pdf>
(epstopdf)                    date: 2023-10-25 09:14:34
(epstopdf)                    size: 5631 bytes
(epstopdf)             Command: <repstopdf --outfile=yx2-eps-converted-to.pdf yx2.eps>
(epstopdf)             \includegraphics on input line 3668.
Package epstopdf Info: Output file is already uptodate.
<yx2-eps-converted-to.pdf, id=846, 300.12125pt x 233.87375pt>
File: yx2-eps-converted-to.pdf Graphic file (type pdf)
<use yx2-eps-converted-to.pdf>
Package pdftex.def Info: yx2-eps-converted-to.pdf  used on input line 3668.
(pdftex.def)             Requested size: 182.56995pt x 142.26378pt.
 [80]
Package epstopdf Info: Source file: <x2+y2=4.eps>
(epstopdf)                    date: 2023-10-25 09:13:36
(epstopdf)                    size: 16940 bytes
(epstopdf)             Output file: <x2+y2=4-eps-converted-to.pdf>
(epstopdf)                    date: 2023-10-25 09:14:34
(epstopdf)                    size: 5870 bytes
(epstopdf)             Command: <repstopdf --outfile=x2+y2=4-eps-converted-to.pdf x2+y2=4.eps>
(epstopdf)             \includegraphics on input line 3679.
Package epstopdf Info: Output file is already uptodate.
<x2+y2=4-eps-converted-to.pdf, id=851, 300.12125pt x 322.20375pt>
File: x2+y2=4-eps-converted-to.pdf Graphic file (type pdf)
<use x2+y2=4-eps-converted-to.pdf>
Package pdftex.def Info: x2+y2=4-eps-converted-to.pdf  used on input line 3679.
(pdftex.def)             Requested size: 132.51628pt x 142.26378pt.
 [81 <./yx2-eps-converted-to.pdf> <./x2+y2=4-eps-converted-to.pdf>]
Overfull \hbox (16.05157pt too wide) in paragraph at lines 3718--3720
[] \T1/pplj/b/n/10.95 (-20) Ex-am-ple: $\OML/zplm/m/it/10.95 f \OT1/zplm/m/n/10.95 = \OMS/zplm/m/n/10.95 f\OT1/zplm/m/n/10.95 (\OT1/pplx/m/n/10.95 1, 2\OT1/zplm/m/n/10.95 )\OT1/pplx/m/n/10.95 , \OT1/zplm/m/n/10.95 (\OT1/pplx/m/n/10.95 2, 4\OT1/zplm/m/n/10.95 )\OT1/pplx/m/n/10.95 , \OT1/zplm/m/n/10.95 (\OT1/pplx/m/n/10.95 3, 4\OT1/zplm/m/n/10.95 )\OMS/zplm/m/n/10.95 g$ \T1/pplj/m/n/10.95 (-20) is not in-jec-tive. $\OML/zplm/m/it/10.95 g \OT1/zplm/m/n/10.95 = \OMS/zplm/m/n/10.95 f\OT1/zplm/m/n/10.95 (\OT1/pplx/m/n/10.95 1, 2\OT1/zplm/m/n/10.95 )\OT1/pplx/m/n/10.95 , \OT1/zplm/m/n/10.95 (\OT1/pplx/m/n/10.95 2, 6\OT1/zplm/m/n/10.95 )\OT1/pplx/m/n/10.95 , \OT1/zplm/m/n/10.95 (\OT1/pplx/m/n/10.95 3, 4\OT1/zplm/m/n/10.95 )\OMS/zplm/m/n/10.95 g$
 []

[82] [83]
Overfull \hbox (0.1281pt too wide) in paragraph at lines 3805--3806
[]\T1/pplj/m/n/10.95 (-8) ------------------------------------------------------------------------------------------------
 []

[84] [85]
Overfull \hbox (11.40547pt too wide) in paragraph at lines 3898--3899
[]$\OML/zplm/m/it/10.95 xRy[]yRz[]f\OT1/zplm/m/n/10.95 (\OML/zplm/m/it/10.95 x\OT1/zplm/m/n/10.95 ) = \OML/zplm/m/it/10.95 f\OT1/zplm/m/n/10.95 (\OML/zplm/m/it/10.95 y\OT1/zplm/m/n/10.95 )[]\OML/zplm/m/it/10.95 f\OT1/zplm/m/n/10.95 (\OML/zplm/m/it/10.95 y\OT1/zplm/m/n/10.95 ) = \OML/zplm/m/it/10.95 f\OT1/zplm/m/n/10.95 (\OML/zplm/m/it/10.95 z\OT1/zplm/m/n/10.95 )[]\OML/zplm/m/it/10.95 f\OT1/zplm/m/n/10.95 (\OML/zplm/m/it/10.95 x\OT1/zplm/m/n/10.95 ) = \OML/zplm/m/it/10.95 f\OT1/zplm/m/n/10.95 (\OML/zplm/m/it/10.95 z\OT1/zplm/m/n/10.95 )[]\OML/zplm/m/it/10.95 xRz$\T1/pplj/m/n/10.95 (-20) . 
 []

[86]
Overfull \hbox (64.36754pt too wide) detected at line 3917
\OML/zplm/m/it/10.95 g\OT1/zplm/m/n/10.95 (\OML/zplm/m/it/10.95 u\OT1/zplm/m/n/10.95 ) = \OML/zplm/m/it/10.95 g\OT1/zplm/m/n/10.95 (\OML/zplm/m/it/10.95 v\OT1/zplm/m/n/10.95 )[]\OML/zplm/m/it/10.95 g\OT1/zplm/m/n/10.95 (\OML/zplm/m/it/10.95 u\OT1/zplm/m/n/10.95 ) = \OML/zplm/m/it/10.95 f\OT1/zplm/m/n/10.95 (\OML/zplm/m/it/10.95 x\OT1/zplm/m/n/10.95 )[]\OML/zplm/m/it/10.95 g\OT1/zplm/m/n/10.95 (\OML/zplm/m/it/10.95 v\OT1/zplm/m/n/10.95 ) = \OML/zplm/m/it/10.95 f\OT1/zplm/m/n/10.95 (\OML/zplm/m/it/10.95 y\OT1/zplm/m/n/10.95 )[]\OML/zplm/m/it/10.95 f\OT1/zplm/m/n/10.95 (\OML/zplm/m/it/10.95 x\OT1/zplm/m/n/10.95 ) = \OML/zplm/m/it/10.95 f\OT1/zplm/m/n/10.95 (\OML/zplm/m/it/10.95 y\OT1/zplm/m/n/10.95 )[]\OML/zplm/m/it/10.95 xRy[]u \OT1/zplm/m/n/10.95 = \OML/zplm/m/it/10.95 v \OT1/pplx/m/n/10.95 .
 []

Package epstopdf Info: Source file: <dekompozicija.eps>
(epstopdf)                    date: 2023-10-25 09:13:36
(epstopdf)                    size: 15177 bytes
(epstopdf)             Output file: <dekompozicija-eps-converted-to.pdf>
(epstopdf)                    date: 2023-10-25 09:14:35
(epstopdf)                    size: 6606 bytes
(epstopdf)             Command: <repstopdf --outfile=dekompozicija-eps-converted-to.pdf dekompozicija.eps>
(epstopdf)             \includegraphics on input line 3926.
Package epstopdf Info: Output file is already uptodate.
<dekompozicija-eps-converted-to.pdf, id=893, 147.55125pt x 41.15375pt>
File: dekompozicija-eps-converted-to.pdf Graphic file (type pdf)
<use dekompozicija-eps-converted-to.pdf>
Package pdftex.def Info: dekompozicija-eps-converted-to.pdf  used on input line 3926.
(pdftex.def)             Requested size: 204.03293pt x 56.9055pt.
Package epstopdf Info: Source file: <dekompozicija2en.eps>
(epstopdf)                    date: 2023-10-25 09:13:36
(epstopdf)                    size: 60113 bytes
(epstopdf)             Output file: <dekompozicija2en-eps-converted-to.pdf>
(epstopdf)                    date: 2023-10-25 09:14:35
(epstopdf)                    size: 8731 bytes
(epstopdf)             Command: <repstopdf --outfile=dekompozicija2en-eps-converted-to.pdf dekompozicija2en.eps>
(epstopdf)             \includegraphics on input line 3959.
Package epstopdf Info: Output file is already uptodate.
<dekompozicija2en-eps-converted-to.pdf, id=894, 218.8175pt x 44.165pt>
File: dekompozicija2en-eps-converted-to.pdf Graphic file (type pdf)
<use dekompozicija2en-eps-converted-to.pdf>
Package pdftex.def Info: dekompozicija2en-eps-converted-to.pdf  used on input line 3959.
(pdftex.def)             Requested size: 281.94519pt x 56.9055pt.
[87 <./dekompozicija-eps-converted-to.pdf>]
Package epstopdf Info: Source file: <dekompozicija3en.eps>
(epstopdf)                    date: 2023-10-25 09:13:36
(epstopdf)                    size: 115634 bytes
(epstopdf)             Output file: <dekompozicija3en-eps-converted-to.pdf>
(epstopdf)                    date: 2023-10-25 09:14:36
(epstopdf)                    size: 13385 bytes
(epstopdf)             Command: <repstopdf --outfile=dekompozicija3en-eps-converted-to.pdf dekompozicija3en.eps>
(epstopdf)             \includegraphics on input line 3986.
Package epstopdf Info: Output file is already uptodate.
<dekompozicija3en-eps-converted-to.pdf, id=908, 304.13625pt x 45.16875pt>
File: dekompozicija3en-eps-converted-to.pdf Graphic file (type pdf)
<use dekompozicija3en-eps-converted-to.pdf>
Package pdftex.def Info: dekompozicija3en-eps-converted-to.pdf  used on input line 3986.
(pdftex.def)             Requested size: 383.16728pt x 56.9055pt.

Overfull \hbox (26.9387pt too wide) in paragraph at lines 3986--3987
 [] 
 []

[88 <./dekompozicija2en-eps-converted-to.pdf> <./dekompozicija3en-eps-converted-to.pdf>] [89] [90]
Package epstopdf Info: Source file: <strukture-en.eps>
(epstopdf)                    date: 2023-10-25 09:13:36
(epstopdf)                    size: 29695 bytes
(epstopdf)             Output file: <strukture-en-eps-converted-to.pdf>
(epstopdf)                    date: 2023-10-25 09:14:36
(epstopdf)                    size: 5740 bytes
(epstopdf)             Command: <repstopdf --outfile=strukture-en-eps-converted-to.pdf strukture-en.eps>
(epstopdf)             \includegraphics on input line 4141.
Package epstopdf Info: Output file is already uptodate.
<strukture-en-eps-converted-to.pdf, id=952, 334.24875pt x 158.5925pt>
File: strukture-en-eps-converted-to.pdf Graphic file (type pdf)
<use strukture-en-eps-converted-to.pdf>
Package pdftex.def Info: strukture-en-eps-converted-to.pdf  used on input line 4141.
(pdftex.def)             Requested size: 299.85715pt x 142.26378pt.
 [91 <./strukture-en-eps-converted-to.pdf>]
Package epstopdf Info: Source file: <Hasse.eps>
(epstopdf)                    date: 2023-10-25 09:13:36
(epstopdf)                    size: 14296 bytes
(epstopdf)             Output file: <Hasse-eps-converted-to.pdf>
(epstopdf)                    date: 2023-10-25 09:14:36
(epstopdf)                    size: 5955 bytes
(epstopdf)             Command: <repstopdf --outfile=Hasse-eps-converted-to.pdf Hasse.eps>
(epstopdf)             \includegraphics on input line 4158.
Package epstopdf Info: Output file is already uptodate.
<Hasse-eps-converted-to.pdf, id=961, 146.5475pt x 122.4575pt>
File: Hasse-eps-converted-to.pdf Graphic file (type pdf)
<use Hasse-eps-converted-to.pdf>
Package pdftex.def Info: Hasse-eps-converted-to.pdf  used on input line 4158.
(pdftex.def)             Requested size: 136.20277pt x 113.81102pt.
Package epstopdf Info: Source file: <Hasse1.eps>
(epstopdf)                    date: 2023-10-25 09:13:36
(epstopdf)                    size: 15028 bytes
(epstopdf)             Output file: <Hasse1-eps-converted-to.pdf>
(epstopdf)                    date: 2023-10-25 09:14:37
(epstopdf)                    size: 2753 bytes
(epstopdf)             Command: <repstopdf --outfile=Hasse1-eps-converted-to.pdf Hasse1.eps>
(epstopdf)             \includegraphics on input line 4169.
Package epstopdf Info: Output file is already uptodate.
<Hasse1-eps-converted-to.pdf, id=962, 10.0375pt x 170.6375pt>
File: Hasse1-eps-converted-to.pdf Graphic file (type pdf)
<use Hasse1-eps-converted-to.pdf>
Package pdftex.def Info: Hasse1-eps-converted-to.pdf  used on input line 4169.
(pdftex.def)             Requested size: 6.6949pt x 113.81102pt.

Underfull \vbox (badness 1009) has occurred while \output is active []

 [92 <./Hasse-eps-converted-to.pdf> <./Hasse1-eps-converted-to.pdf>] [93]
Package epstopdf Info: Source file: <Hasse4-en.eps>
(epstopdf)                    date: 2023-10-25 09:13:36
(epstopdf)                    size: 36833 bytes
(epstopdf)             Output file: <Hasse4-en-eps-converted-to.pdf>
(epstopdf)                    date: 2023-10-25 09:13:36
(epstopdf)                    size: 6847 bytes
(epstopdf)             Command: <repstopdf --outfile=Hasse4-en-eps-converted-to.pdf Hasse4-en.eps>
(epstopdf)             \includegraphics on input line 4280.
Package epstopdf Info: Output file is already uptodate.
<Hasse4-en-eps-converted-to.pdf, id=978, 320.19624pt x 113.42375pt>
File: Hasse4-en-eps-converted-to.pdf Graphic file (type pdf)
<use Hasse4-en-eps-converted-to.pdf>
Package pdftex.def Info: Hasse4-en-eps-converted-to.pdf  used on input line 4280.
(pdftex.def)             Requested size: 321.28986pt x 113.81102pt.
 [94] [95 <./Hasse4-en-eps-converted-to.pdf>]
Package epstopdf Info: Source file: <strukture2-en.eps>
(epstopdf)                    date: 2023-10-25 09:13:36
(epstopdf)                    size: 31448 bytes
(epstopdf)             Output file: <strukture2-en-eps-converted-to.pdf>
(epstopdf)                    date: 2023-10-25 09:14:37
(epstopdf)                    size: 6029 bytes
(epstopdf)             Command: <repstopdf --outfile=strukture2-en-eps-converted-to.pdf strukture2-en.eps>
(epstopdf)             \includegraphics on input line 4409.
Package epstopdf Info: Output file is already uptodate.
<strukture2-en-eps-converted-to.pdf, id=997, 338.26375pt x 201.75375pt>
File: strukture2-en-eps-converted-to.pdf Graphic file (type pdf)
<use strukture2-en-eps-converted-to.pdf>
Package pdftex.def Info: strukture2-en-eps-converted-to.pdf  used on input line 4409.
(pdftex.def)             Requested size: 333.93242pt x 199.16928pt.

Underfull \vbox (badness 6268) has occurred while \output is active []

 [96] [97 <./strukture2-en-eps-converted-to.pdf>] [98]
Package epstopdf Info: Source file: <Hasse2-en.eps>
(epstopdf)                    date: 2023-10-25 09:13:36
(epstopdf)                    size: 51781 bytes
(epstopdf)             Output file: <Hasse2-en-eps-converted-to.pdf>
(epstopdf)                    date: 2023-10-25 09:13:36
(epstopdf)                    size: 7963 bytes
(epstopdf)             Command: <repstopdf --outfile=Hasse2-en-eps-converted-to.pdf Hasse2-en.eps>
(epstopdf)             \includegraphics on input line 4488.
Package epstopdf Info: Output file is already uptodate.
<Hasse2-en-eps-converted-to.pdf, id=1014, 354.32375pt x 163.61125pt>
File: Hasse2-en-eps-converted-to.pdf Graphic file (type pdf)
<use Hasse2-en-eps-converted-to.pdf>
Package pdftex.def Info: Hasse2-en-eps-converted-to.pdf  used on input line 4488.
(pdftex.def)             Requested size: 246.47325pt x 113.81102pt.
 [99 <./Hasse2-en-eps-converted-to.pdf>] [100]
Package epstopdf Info: Source file: <Hasse3-en.eps>
(epstopdf)                    date: 2023-10-25 09:13:36
(epstopdf)                    size: 30671 bytes
(epstopdf)             Output file: <Hasse3-en-eps-converted-to.pdf>
(epstopdf)                    date: 2023-10-25 09:13:36
(epstopdf)                    size: 5600 bytes
(epstopdf)             Command: <repstopdf --outfile=Hasse3-en-eps-converted-to.pdf Hasse3-en.eps>
(epstopdf)             \includegraphics on input line 4633.
Package epstopdf Info: Output file is already uptodate.
<Hasse3-en-eps-converted-to.pdf, id=1029, 223.83624pt x 76.285pt>
File: Hasse3-en-eps-converted-to.pdf Graphic file (type pdf)
<use Hasse3-en-eps-converted-to.pdf>
Package pdftex.def Info: Hasse3-en-eps-converted-to.pdf  used on input line 4633.
(pdftex.def)             Requested size: 250.46945pt x 85.35826pt.
 [101 <./Hasse3-en-eps-converted-to.pdf>]
Package epstopdf Info: Source file: <strukture3-en.eps>
(epstopdf)                    date: 2023-10-25 09:13:36
(epstopdf)                    size: 32595 bytes
(epstopdf)             Output file: <strukture3-en-eps-converted-to.pdf>
(epstopdf)                    date: 2023-10-25 09:14:38
(epstopdf)                    size: 6285 bytes
(epstopdf)             Command: <repstopdf --outfile=strukture3-en-eps-converted-to.pdf strukture3-en.eps>
(epstopdf)             \includegraphics on input line 4683.
Package epstopdf Info: Output file is already uptodate.
<strukture3-en-eps-converted-to.pdf, id=1039, 357.335pt x 201.75375pt>
File: strukture3-en-eps-converted-to.pdf Graphic file (type pdf)
<use strukture3-en-eps-converted-to.pdf>
Package pdftex.def Info: strukture3-en-eps-converted-to.pdf  used on input line 4683.
(pdftex.def)             Requested size: 352.75948pt x 199.16928pt.
 [102]
Overfull \hbox (7.93636pt too wide) in paragraph at lines 4701--4702
[]\T1/pplj/m/n/10.95 (-20) Let $\OML/zplm/m/it/10.95 R \OT1/zplm/m/n/10.95 = \OMS/zplm/m/n/10.95 f\OT1/zplm/m/n/10.95 (\OT1/pplx/m/n/10.95 1, 1\OT1/zplm/m/n/10.95 )\OT1/pplx/m/n/10.95 , \OT1/zplm/m/n/10.95 (\OT1/pplx/m/n/10.95 2, 1\OT1/zplm/m/n/10.95 )\OT1/pplx/m/n/10.95 , \OT1/zplm/m/n/10.95 (\OT1/pplx/m/n/10.95 3, 3\OT1/zplm/m/n/10.95 )\OT1/pplx/m/n/10.95 , \OT1/zplm/m/n/10.95 (\OT1/pplx/m/n/10.95 1, 5\OT1/zplm/m/n/10.95 )\OMS/zplm/m/n/10.95 g$ \T1/pplj/m/n/10.95 (-20) and $\OML/zplm/m/it/10.95 T \OT1/zplm/m/n/10.95 = \OMS/zplm/m/n/10.95 f\OT1/zplm/m/n/10.95 (\OT1/pplx/m/n/10.95 1, 4\OT1/zplm/m/n/10.95 )\OT1/pplx/m/n/10.95 , \OT1/zplm/m/n/10.95 (\OT1/pplx/m/n/10.95 2, 1\OT1/zplm/m/n/10.95 )\OT1/pplx/m/n/10.95 , \OT1/zplm/m/n/10.95 (\OT1/pplx/m/n/10.95 2, 2\OT1/zplm/m/n/10.95 )\OT1/pplx/m/n/10.95 , \OT1/zplm/m/n/10.95 (\OT1/pplx/m/n/10.95 2, 5\OT1/zplm/m/n/10.95 )\OMS/zplm/m/n/10.95 g$
 []

[103 <./strukture3-en-eps-converted-to.pdf>]
Chapter 4.
[104] [105


]
Overfull \hbox (6.3553pt too wide) in paragraph at lines 4858--4859
[][] 
 []

[106]
Overfull \hbox (24.83725pt too wide) in paragraph at lines 4919--4920
[]$\OML/zplm/m/it/10.95 f\OT1/zplm/m/n/10.95 (\OML/zplm/m/it/10.95 x\OT1/pplx/m/n/10.95 , \OML/zplm/m/it/10.95 y\OT1/zplm/m/n/10.95 ) = \OML/zplm/m/it/10.95 f\OT1/zplm/m/n/10.95 (\OML/zplm/m/it/10.95 x[]\OT1/pplx/m/n/10.95 , \OML/zplm/m/it/10.95 y[]\OT1/zplm/m/n/10.95 )[](\OML/zplm/m/it/10.95 y\OT1/pplx/m/n/10.95 , \OML/zplm/m/it/10.95 x\OT1/zplm/m/n/10.95 ) = (\OML/zplm/m/it/10.95 y[]\OT1/pplx/m/n/10.95 , \OML/zplm/m/it/10.95 x[]\OT1/zplm/m/n/10.95 )[]\OML/zplm/m/it/10.95 y \OT1/zplm/m/n/10.95 = \OML/zplm/m/it/10.95 y[]$ \T1/pplj/m/n/10.95 (-20) and $\OML/zplm/m/it/10.95 x \OT1/zplm/m/n/10.95 = \OML/zplm/m/it/10.95 x[]$ $[]\OT1/zplm/m/n/10.95 (\OML/zplm/m/it/10.95 x\OT1/pplx/m/n/10.95 , \OML/zplm/m/it/10.95 y\OT1/zplm/m/n/10.95 ) =
 []

[107] [108]
Overfull \hbox (17.74998pt too wide) in paragraph at lines 4983--4984
[][] 
 []

[109] [110]
Chapter 5.
[111] [112


] [113] [114] Excluding 'comment' comment. [115] [116


] [117


] [118]
Appendix A.

Overfull \hbox (47.65009pt too wide) in paragraph at lines 5901--5904
[]\T1/pplj/m/n/10.95 (-20) We ex-press the propo-si-tion $\OML/zplm/m/it/10.95 C[][] [] []C[]$ \T1/pplj/m/n/10.95 (-20) in its canon-i-cal CNF. $\OML/zplm/m/it/10.95 C[][] [] []C[]$
 []

[119


]

Package amsmath Warning: Foreign command \atopwithdelims;
(amsmath)                \frac or \genfrac should be used instead
(amsmath)                 on input line 5971.

[120] [121] [122] [123]
Appendix B.
[124] [125


] [126] [127]
Appendix C.
[128]
Overfull \hbox (10.63571pt too wide) detected at line 6278
\OML/zplm/m/it/10.95 A[] \OMS/zplm/m/n/10.95 ^^B [] ^^B \OML/zplm/m/it/10.95 A[] \OT1/zplm/m/n/10.95 = \OMS/zplm/m/n/10.95 f\OML/zplm/m/it/10.95 f \OT1/zplm/m/n/10.95 : \OMS/zplm/m/n/10.95 f\OT1/pplx/m/n/10.95 1, [] , \OML/zplm/m/it/10.95 n\OMS/zplm/m/n/10.95 g ! \OML/zplm/m/it/10.95 A[] \OMS/zplm/m/n/10.95 [ [] [ \OML/zplm/m/it/10.95 A[]\OT1/pplx/m/n/10.95 , \OML/zplm/m/it/10.95 f\OT1/zplm/m/n/10.95 (\OT1/pplx/m/n/10.95 1\OT1/zplm/m/n/10.95 ) \OMS/zplm/m/n/10.95 2 \OML/zplm/m/it/10.95 A[]\OT1/pplx/m/n/10.95 , [] , \OML/zplm/m/it/10.95 f\OT1/zplm/m/n/10.95 (\OML/zplm/m/it/10.95 n\OT1/zplm/m/n/10.95 ) \OMS/zplm/m/n/10.95 2 \OML/zplm/m/it/10.95 A[]\OMS/zplm/m/n/10.95 g \OT1/pplx/m/n/10.95 .
 []

[129


] [130]
Package epstopdf Info: Source file: <verige-deljivost.eps>
(epstopdf)                    date: 2023-10-25 09:13:36
(epstopdf)                    size: 24055 bytes
(epstopdf)             Output file: <verige-deljivost-eps-converted-to.pdf>
(epstopdf)                    date: 2023-10-25 09:14:38
(epstopdf)                    size: 5089 bytes
(epstopdf)             Command: <repstopdf --outfile=verige-deljivost-eps-converted-to.pdf verige-deljivost.eps>
(epstopdf)             \includegraphics on input line 6376.
Package epstopdf Info: Output file is already uptodate.
<verige-deljivost-eps-converted-to.pdf, id=1203, 161.60374pt x 162.6075pt>
File: verige-deljivost-eps-converted-to.pdf Graphic file (type pdf)
<use verige-deljivost-eps-converted-to.pdf>
Package pdftex.def Info: verige-deljivost-eps-converted-to.pdf  used on input line 6376.
(pdftex.def)             Requested size: 141.39552pt x 142.26378pt.
 [131]
Overfull \hbox (8.08546pt too wide) in paragraph at lines 6383--6384
[]$\OMS/zplm/m/n/10.95 f\OT1/pplx/m/n/10.95 1, 2\OMS/zplm/m/n/10.95 g\OT1/pplx/m/n/10.95 , \OMS/zplm/m/n/10.95 f\OT1/pplx/m/n/10.95 1, 3\OMS/zplm/m/n/10.95 g\OT1/pplx/m/n/10.95 , [] , \OMS/zplm/m/n/10.95 f\OT1/pplx/m/n/10.95 1, 8\OMS/zplm/m/n/10.95 g\OT1/pplx/m/n/10.95 , \OMS/zplm/m/n/10.95 f\OT1/pplx/m/n/10.95 2, 4\OMS/zplm/m/n/10.95 g\OT1/pplx/m/n/10.95 , \OMS/zplm/m/n/10.95 f\OT1/pplx/m/n/10.95 2, 6\OMS/zplm/m/n/10.95 g\OT1/pplx/m/n/10.95 , \OMS/zplm/m/n/10.95 f\OT1/pplx/m/n/10.95 2, 8\OMS/zplm/m/n/10.95 g\OT1/pplx/m/n/10.95 , \OMS/zplm/m/n/10.95 f\OT1/pplx/m/n/10.95 3, 6\OMS/zplm/m/n/10.95 g\OT1/pplx/m/n/10.95 , \OMS/zplm/m/n/10.95 f\OT1/pplx/m/n/10.95 4, 8\OMS/zplm/m/n/10.95 g$ \T1/pplj/m/n/10.95 (-20) ($\OT1/pplx/m/n/10.95 12$ $2$\T1/pplj/m/n/10.95 (-20) -element
 []

Package epstopdf Info: Source file: <verige-en.eps>
(epstopdf)                    date: 2023-10-25 09:13:36
(epstopdf)                    size: 32201 bytes
(epstopdf)             Output file: <verige-en-eps-converted-to.pdf>
(epstopdf)                    date: 2023-10-25 09:13:36
(epstopdf)                    size: 5848 bytes
(epstopdf)             Command: <repstopdf --outfile=verige-en-eps-converted-to.pdf verige-en.eps>
(epstopdf)             \includegraphics on input line 6408.
Package epstopdf Info: Output file is already uptodate.
<verige-en-eps-converted-to.pdf, id=1208, 118.4425pt x 169.63374pt>
File: verige-en-eps-converted-to.pdf Graphic file (type pdf)
<use verige-en-eps-converted-to.pdf>
Package pdftex.def Info: verige-en-eps-converted-to.pdf  used on input line 6408.
(pdftex.def)             Requested size: 99.33559pt x 142.26378pt.
[132 <./verige-deljivost-eps-converted-to.pdf> <./verige-en-eps-converted-to.pdf>] [133]
Overfull \hbox (12.536pt too wide) detected at line 6486
[]
 []

[134] [135] [136] [137] (./TCS1.aux)
Package rerunfilecheck Info: File `TCS1.out' has not changed.
(rerunfilecheck)             Checksum: D41D8CD98F00B204E9800998ECF8427E;0.
 ) 
Here is how much of TeX's memory you used:
 22248 strings out of 478268
 409133 string characters out of 5846346
 861866 words of memory out of 5000000
 38858 multiletter control sequences out of 15000+600000
 667624 words of font info for 742 fonts, out of 8000000 for 9000
 1141 hyphenation exceptions out of 8191
 108i,21n,106p,10661b,741s stack positions out of 10000i,1000n,20000p,200000b,200000s
{/usr/local/texlive/2022/texmf-dist/fonts/enc/dvips/base/8r.enc}{/usr/local/texlive/2022/texmf-dist/fonts/enc/dvips/iwona/ec-iwona.enc}{/usr/local/texlive/2022/texmf-dist/fonts/enc/dvips/iwona/ec-iwona-sc.enc}</usr/local/texlive/2022/texmf-dist/fonts/type1/public/amsfonts/cm/cmbx12.pfb></usr/local/texlive/2022/texmf-dist/fonts/type1/public/amsfonts/cm/cmex10.pfb></usr/local/texlive/2022/texmf-dist/fonts/type1/public/amsfonts/cm/cmmi10.pfb></usr/local/texlive/2022/texmf-dist/fonts/type1/public/amsfonts/cm/cmmi12.pfb></usr/local/texlive/2022/texmf-dist/fonts/type1/public/amsfonts/cm/cmmi9.pfb></usr/local/texlive/2022/texmf-dist/fonts/type1/public/amsfonts/cm/cmr10.pfb></usr/local/texlive/2022/texmf-dist/fonts/type1/public/amsfonts/cm/cmr12.pfb></usr/local/texlive/2022/texmf-dist/fonts/type1/public/amsfonts/cm/cmr17.pfb></usr/local/texlive/2022/texmf-dist/fonts/type1/public/amsfonts/cm/cmr5.pfb></usr/local/texlive/2022/texmf-dist/fonts/type1/public/amsfonts/cm/cmr7.pfb></usr/local/texlive/2022/texmf-dist/fonts/type1/public/amsfonts/cm/cmr9.pfb></usr/local/texlive/2022/texmf-dist/fonts/type1/public/amsfonts/cm/cmsy10.pfb></usr/local/texlive/2022/texmf-dist/fonts/type1/public/amsfonts/cm/cmsy9.pfb></usr/local/texlive/2022/texmf-dist/fonts/type1/public/amsfonts/euler/eurb10.pfb></usr/local/texlive/2022/texmf-dist/fonts/type1/public/fpl/fplbj8a.pfb></usr/local/texlive/2022/texmf-dist/fonts/type1/public/mathpazo/fplmbb.pfb></usr/local/texlive/2022/texmf-dist/fonts/type1/public/mathpazo/fplmr.pfb></usr/local/texlive/2022/texmf-dist/fonts/type1/public/mathpazo/fplmri.pfb></usr/local/texlive/2022/texmf-dist/fonts/type1/public/fpl/fplrc8a.pfb></usr/local/texlive/2022/texmf-dist/fonts/type1/public/fpl/fplrij8a.pfb></usr/local/texlive/2022/texmf-dist/fonts/type1/public/bera/fvmr8a.pfb></usr/local/texlive/2022/texmf-dist/fonts/type1/nowacki/iwona/iwonab.pfb></usr/local/texlive/2022/texmf-dist/fonts/type1/nowacki/iwona/iwonabi.pfb></usr/local/texlive/2022/texmf-dist/fonts/type1/nowacki/iwona/iwonar.pfb></usr/local/texlive/2022/texmf-dist/fonts/type1/public/amsfonts/symbols/msam10.pfb></usr/local/texlive/2022/texmf-dist/fonts/type1/public/amsfonts/symbols/msbm10.pfb></usr/local/texlive/2022/texmf-dist/fonts/type1/urw/palatino/uplb8a.pfb></usr/local/texlive/2022/texmf-dist/fonts/type1/urw/palatino/uplr8a.pfb></usr/local/texlive/2022/texmf-dist/fonts/type1/urw/palatino/uplri8a.pfb>
Output written on TCS1.pdf (137 pages, 750783 bytes).
PDF statistics:
 1604 PDF objects out of 1728 (max. 8388607)
 1350 compressed objects within 14 object streams
 421 named destinations out of 1000 (max. 500000)
 153690 words of extra memory for PDF output out of 154059 (max. 10000000)

